[2024-05-06 04:44:50] laravel.EMERGENCY: Unable to create configured logger. Using emergency logger. {"exception":"[object] (Error(code: 0): Class \"Illuminate\\Support\\Collection\" not found at /home/prolydnj/jobsning.com/vendor/laravel/framework/src/Illuminate/Collections/helpers.php:15)
[stacktrace]
#0 /home/prolydnj/jobsning.com/vendor/laravel/framework/src/Illuminate/Log/LogManager.php(244): collect()
#1 /home/prolydnj/jobsning.com/vendor/laravel/framework/src/Illuminate/Log/LogManager.php(202): Illuminate\\Log\\LogManager->createStackDriver()
#2 /home/prolydnj/jobsning.com/vendor/laravel/framework/src/Illuminate/Log/LogManager.php(118): Illuminate\\Log\\LogManager->resolve()
#3 /home/prolydnj/jobsning.com/vendor/laravel/framework/src/Illuminate/Log/LogManager.php(98): Illuminate\\Log\\LogManager->get()
#4 /home/prolydnj/jobsning.com/vendor/laravel/framework/src/Illuminate/Log/LogManager.php(555): Illuminate\\Log\\LogManager->driver()
#5 /home/prolydnj/jobsning.com/vendor/laravel/framework/src/Illuminate/Foundation/Exceptions/Handler.php(252): Illuminate\\Log\\LogManager->error()
#6 /home/prolydnj/jobsning.com/vendor/laravel/framework/src/Illuminate/Foundation/Bootstrap/HandleExceptions.php(88): Illuminate\\Foundation\\Exceptions\\Handler->report()
#7 /home/prolydnj/jobsning.com/vendor/laravel/framework/src/Illuminate/Foundation/Bootstrap/HandleExceptions.php(130): Illuminate\\Foundation\\Bootstrap\\HandleExceptions->handleException()
#8 [internal function]: Illuminate\\Foundation\\Bootstrap\\HandleExceptions->handleShutdown()
#9 {main}
"} 
[2024-05-06 04:44:50] laravel.ERROR: During inheritance of ArrayAccess: Uncaught ErrorException: Return type of Illuminate\Support\Collection::offsetExists($key) should either be compatible with ArrayAccess::offsetExists(mixed $offset): bool, or the #[\ReturnTypeWillChange] attribute should be used to temporarily suppress the notice in /home/prolydnj/jobsning.com/vendor/laravel/framework/src/Illuminate/Collections/Collection.php:1443
Stack trace:
#0 /home/prolydnj/jobsning.com/vendor/laravel/framework/src/Illuminate/Collections/Collection.php(13): Illuminate\Foundation\Bootstrap\HandleExceptions->handleError()
#1 /home/prolydnj/jobsning.com/vendor/composer/ClassLoader.php(478): include('/home/prolydnj/...')
#2 /home/prolydnj/jobsning.com/vendor/composer/ClassLoader.php(346): Composer\Autoload\includeFile()
#3 /home/prolydnj/jobsning.com/vendor/laravel/framework/src/Illuminate/Collections/helpers.php(15): Composer\Autoload\ClassLoader->loadClass()
#4 /home/prolydnj/jobsning.com/vendor/laravel/framework/src/Illuminate/Foundation/PackageManifest.php(89): collect()
#5 /home/prolydnj/jobsning.com/vendor/laravel/framework/src/Illuminate/Foundation/PackageManifest.php(78): Illuminate\Foundation\PackageManifest->config()
#6 /home/prolydnj/jobsning.com/vendor/laravel/framework/src/Illuminate/Foundation/Bootstrap/RegisterFacades.php(26): Illuminate\Foundation\PackageManifest->aliases()
#7 /home/prolydnj/jobsning.com/vendor/laravel/framework/src/Illuminate/Foundation/Application.php(237): Illuminate\Foundation\Bootstrap\RegisterFacades->bootstrap()
#8 /home/prolydnj/jobsning.com/vendor/laravel/framework/src/Illuminate/Foundation/Http/Kernel.php(152): Illuminate\Foundation\Application->bootstrapWith()
#9 /home/prolydnj/jobsning.com/vendor/laravel/framework/src/Illuminate/Foundation/Http/Kernel.php(136): Illuminate\Foundation\Http\Kernel->bootstrap()
#10 /home/prolydnj/jobsning.com/vendor/laravel/framework/src/Illuminate/Foundation/Http/Kernel.php(110): Illuminate\Foundation\Http\Kernel->sendRequestThroughRouter()
#11 /home/prolydnj/jobsning.com/public/index.php(66): Illuminate\Foundation\Http\Kernel->handle()
#12 {main} {"exception":"[object] (Symfony\\Component\\ErrorHandler\\Error\\FatalError(code: 0): During inheritance of ArrayAccess: Uncaught ErrorException: Return type of Illuminate\\Support\\Collection::offsetExists($key) should either be compatible with ArrayAccess::offsetExists(mixed $offset): bool, or the #[\\ReturnTypeWillChange] attribute should be used to temporarily suppress the notice in /home/prolydnj/jobsning.com/vendor/laravel/framework/src/Illuminate/Collections/Collection.php:1443
Stack trace:
#0 /home/prolydnj/jobsning.com/vendor/laravel/framework/src/Illuminate/Collections/Collection.php(13): Illuminate\\Foundation\\Bootstrap\\HandleExceptions->handleError()
#1 /home/prolydnj/jobsning.com/vendor/composer/ClassLoader.php(478): include('/home/prolydnj/...')
#2 /home/prolydnj/jobsning.com/vendor/composer/ClassLoader.php(346): Composer\\Autoload\\includeFile()
#3 /home/prolydnj/jobsning.com/vendor/laravel/framework/src/Illuminate/Collections/helpers.php(15): Composer\\Autoload\\ClassLoader->loadClass()
#4 /home/prolydnj/jobsning.com/vendor/laravel/framework/src/Illuminate/Foundation/PackageManifest.php(89): collect()
#5 /home/prolydnj/jobsning.com/vendor/laravel/framework/src/Illuminate/Foundation/PackageManifest.php(78): Illuminate\\Foundation\\PackageManifest->config()
#6 /home/prolydnj/jobsning.com/vendor/laravel/framework/src/Illuminate/Foundation/Bootstrap/RegisterFacades.php(26): Illuminate\\Foundation\\PackageManifest->aliases()
#7 /home/prolydnj/jobsning.com/vendor/laravel/framework/src/Illuminate/Foundation/Application.php(237): Illuminate\\Foundation\\Bootstrap\\RegisterFacades->bootstrap()
#8 /home/prolydnj/jobsning.com/vendor/laravel/framework/src/Illuminate/Foundation/Http/Kernel.php(152): Illuminate\\Foundation\\Application->bootstrapWith()
#9 /home/prolydnj/jobsning.com/vendor/laravel/framework/src/Illuminate/Foundation/Http/Kernel.php(136): Illuminate\\Foundation\\Http\\Kernel->bootstrap()
#10 /home/prolydnj/jobsning.com/vendor/laravel/framework/src/Illuminate/Foundation/Http/Kernel.php(110): Illuminate\\Foundation\\Http\\Kernel->sendRequestThroughRouter()
#11 /home/prolydnj/jobsning.com/public/index.php(66): Illuminate\\Foundation\\Http\\Kernel->handle()
#12 {main} at /home/prolydnj/jobsning.com/vendor/laravel/framework/src/Illuminate/Collections/Collection.php:13)
[stacktrace]
#0 {main}
"} 
[2024-05-06 04:48:31] laravel.EMERGENCY: Unable to create configured logger. Using emergency logger. {"exception":"[object] (Error(code: 0): Class \"Illuminate\\Support\\Collection\" not found at /home/prolydnj/jobsning.com/vendor/laravel/framework/src/Illuminate/Collections/helpers.php:15)
[stacktrace]
#0 /home/prolydnj/jobsning.com/vendor/laravel/framework/src/Illuminate/Log/LogManager.php(244): collect()
#1 /home/prolydnj/jobsning.com/vendor/laravel/framework/src/Illuminate/Log/LogManager.php(202): Illuminate\\Log\\LogManager->createStackDriver()
#2 /home/prolydnj/jobsning.com/vendor/laravel/framework/src/Illuminate/Log/LogManager.php(118): Illuminate\\Log\\LogManager->resolve()
#3 /home/prolydnj/jobsning.com/vendor/laravel/framework/src/Illuminate/Log/LogManager.php(98): Illuminate\\Log\\LogManager->get()
#4 /home/prolydnj/jobsning.com/vendor/laravel/framework/src/Illuminate/Log/LogManager.php(555): Illuminate\\Log\\LogManager->driver()
#5 /home/prolydnj/jobsning.com/vendor/laravel/framework/src/Illuminate/Foundation/Exceptions/Handler.php(252): Illuminate\\Log\\LogManager->error()
#6 /home/prolydnj/jobsning.com/vendor/laravel/framework/src/Illuminate/Foundation/Bootstrap/HandleExceptions.php(88): Illuminate\\Foundation\\Exceptions\\Handler->report()
#7 /home/prolydnj/jobsning.com/vendor/laravel/framework/src/Illuminate/Foundation/Bootstrap/HandleExceptions.php(130): Illuminate\\Foundation\\Bootstrap\\HandleExceptions->handleException()
#8 [internal function]: Illuminate\\Foundation\\Bootstrap\\HandleExceptions->handleShutdown()
#9 {main}
"} 
[2024-05-06 04:48:31] laravel.ERROR: During inheritance of ArrayAccess: Uncaught ErrorException: Return type of Illuminate\Support\Collection::offsetExists($key) should either be compatible with ArrayAccess::offsetExists(mixed $offset): bool, or the #[\ReturnTypeWillChange] attribute should be used to temporarily suppress the notice in /home/prolydnj/jobsning.com/vendor/laravel/framework/src/Illuminate/Collections/Collection.php:1443
Stack trace:
#0 /home/prolydnj/jobsning.com/vendor/laravel/framework/src/Illuminate/Collections/Collection.php(13): Illuminate\Foundation\Bootstrap\HandleExceptions->handleError()
#1 /home/prolydnj/jobsning.com/vendor/composer/ClassLoader.php(478): include('/home/prolydnj/...')
#2 /home/prolydnj/jobsning.com/vendor/composer/ClassLoader.php(346): Composer\Autoload\includeFile()
#3 /home/prolydnj/jobsning.com/vendor/laravel/framework/src/Illuminate/Collections/helpers.php(15): Composer\Autoload\ClassLoader->loadClass()
#4 /home/prolydnj/jobsning.com/vendor/laravel/framework/src/Illuminate/Foundation/PackageManifest.php(89): collect()
#5 /home/prolydnj/jobsning.com/vendor/laravel/framework/src/Illuminate/Foundation/PackageManifest.php(78): Illuminate\Foundation\PackageManifest->config()
#6 /home/prolydnj/jobsning.com/vendor/laravel/framework/src/Illuminate/Foundation/Bootstrap/RegisterFacades.php(26): Illuminate\Foundation\PackageManifest->aliases()
#7 /home/prolydnj/jobsning.com/vendor/laravel/framework/src/Illuminate/Foundation/Application.php(237): Illuminate\Foundation\Bootstrap\RegisterFacades->bootstrap()
#8 /home/prolydnj/jobsning.com/vendor/laravel/framework/src/Illuminate/Foundation/Http/Kernel.php(152): Illuminate\Foundation\Application->bootstrapWith()
#9 /home/prolydnj/jobsning.com/vendor/laravel/framework/src/Illuminate/Foundation/Http/Kernel.php(136): Illuminate\Foundation\Http\Kernel->bootstrap()
#10 /home/prolydnj/jobsning.com/vendor/laravel/framework/src/Illuminate/Foundation/Http/Kernel.php(110): Illuminate\Foundation\Http\Kernel->sendRequestThroughRouter()
#11 /home/prolydnj/jobsning.com/public/index.php(66): Illuminate\Foundation\Http\Kernel->handle()
#12 {main} {"exception":"[object] (Symfony\\Component\\ErrorHandler\\Error\\FatalError(code: 0): During inheritance of ArrayAccess: Uncaught ErrorException: Return type of Illuminate\\Support\\Collection::offsetExists($key) should either be compatible with ArrayAccess::offsetExists(mixed $offset): bool, or the #[\\ReturnTypeWillChange] attribute should be used to temporarily suppress the notice in /home/prolydnj/jobsning.com/vendor/laravel/framework/src/Illuminate/Collections/Collection.php:1443
Stack trace:
#0 /home/prolydnj/jobsning.com/vendor/laravel/framework/src/Illuminate/Collections/Collection.php(13): Illuminate\\Foundation\\Bootstrap\\HandleExceptions->handleError()
#1 /home/prolydnj/jobsning.com/vendor/composer/ClassLoader.php(478): include('/home/prolydnj/...')
#2 /home/prolydnj/jobsning.com/vendor/composer/ClassLoader.php(346): Composer\\Autoload\\includeFile()
#3 /home/prolydnj/jobsning.com/vendor/laravel/framework/src/Illuminate/Collections/helpers.php(15): Composer\\Autoload\\ClassLoader->loadClass()
#4 /home/prolydnj/jobsning.com/vendor/laravel/framework/src/Illuminate/Foundation/PackageManifest.php(89): collect()
#5 /home/prolydnj/jobsning.com/vendor/laravel/framework/src/Illuminate/Foundation/PackageManifest.php(78): Illuminate\\Foundation\\PackageManifest->config()
#6 /home/prolydnj/jobsning.com/vendor/laravel/framework/src/Illuminate/Foundation/Bootstrap/RegisterFacades.php(26): Illuminate\\Foundation\\PackageManifest->aliases()
#7 /home/prolydnj/jobsning.com/vendor/laravel/framework/src/Illuminate/Foundation/Application.php(237): Illuminate\\Foundation\\Bootstrap\\RegisterFacades->bootstrap()
#8 /home/prolydnj/jobsning.com/vendor/laravel/framework/src/Illuminate/Foundation/Http/Kernel.php(152): Illuminate\\Foundation\\Application->bootstrapWith()
#9 /home/prolydnj/jobsning.com/vendor/laravel/framework/src/Illuminate/Foundation/Http/Kernel.php(136): Illuminate\\Foundation\\Http\\Kernel->bootstrap()
#10 /home/prolydnj/jobsning.com/vendor/laravel/framework/src/Illuminate/Foundation/Http/Kernel.php(110): Illuminate\\Foundation\\Http\\Kernel->sendRequestThroughRouter()
#11 /home/prolydnj/jobsning.com/public/index.php(66): Illuminate\\Foundation\\Http\\Kernel->handle()
#12 {main} at /home/prolydnj/jobsning.com/vendor/laravel/framework/src/Illuminate/Collections/Collection.php:13)
[stacktrace]
#0 {main}
"} 
[2025-06-02 11:35:50] laravel.EMERGENCY: Unable to create configured logger. Using emergency logger. {"exception":"[object] (Error(code: 0): Class \"Illuminate\\Support\\Collection\" not found at C:\\xampp\\htdocs\\jobsning\\jobsning\\vendor\\laravel\\framework\\src\\Illuminate\\Collections\\helpers.php:15)
[stacktrace]
#0 C:\\xampp\\htdocs\\jobsning\\jobsning\\vendor\\laravel\\framework\\src\\Illuminate\\Log\\LogManager.php(244): collect(Array)
#1 C:\\xampp\\htdocs\\jobsning\\jobsning\\vendor\\laravel\\framework\\src\\Illuminate\\Log\\LogManager.php(202): Illuminate\\Log\\LogManager->createStackDriver(Array)
#2 C:\\xampp\\htdocs\\jobsning\\jobsning\\vendor\\laravel\\framework\\src\\Illuminate\\Log\\LogManager.php(118): Illuminate\\Log\\LogManager->resolve('stack')
#3 C:\\xampp\\htdocs\\jobsning\\jobsning\\vendor\\laravel\\framework\\src\\Illuminate\\Log\\LogManager.php(98): Illuminate\\Log\\LogManager->get('stack')
#4 C:\\xampp\\htdocs\\jobsning\\jobsning\\vendor\\laravel\\framework\\src\\Illuminate\\Log\\LogManager.php(555): Illuminate\\Log\\LogManager->driver()
#5 C:\\xampp\\htdocs\\jobsning\\jobsning\\vendor\\laravel\\framework\\src\\Illuminate\\Foundation\\Exceptions\\Handler.php(252): Illuminate\\Log\\LogManager->error('During inherita...', Array)
#6 C:\\xampp\\htdocs\\jobsning\\jobsning\\vendor\\laravel\\framework\\src\\Illuminate\\Foundation\\Bootstrap\\HandleExceptions.php(88): Illuminate\\Foundation\\Exceptions\\Handler->report(Object(Symfony\\Component\\ErrorHandler\\Error\\FatalError))
#7 C:\\xampp\\htdocs\\jobsning\\jobsning\\vendor\\laravel\\framework\\src\\Illuminate\\Foundation\\Bootstrap\\HandleExceptions.php(130): Illuminate\\Foundation\\Bootstrap\\HandleExceptions->handleException(Object(Symfony\\Component\\ErrorHandler\\Error\\FatalError))
#8 [internal function]: Illuminate\\Foundation\\Bootstrap\\HandleExceptions->handleShutdown()
#9 {main}
"} 
[2025-06-02 11:35:50] laravel.ERROR: During inheritance of ArrayAccess: Uncaught ErrorException: Return type of Illuminate\Support\Collection::offsetExists($key) should either be compatible with ArrayAccess::offsetExists(mixed $offset): bool, or the #[\ReturnTypeWillChange] attribute should be used to temporarily suppress the notice in C:\xampp\htdocs\jobsning\jobsning\vendor\laravel\framework\src\Illuminate\Collections\Collection.php:1443
Stack trace:
#0 C:\xampp\htdocs\jobsning\jobsning\vendor\laravel\framework\src\Illuminate\Collections\Collection.php(13): Illuminate\Foundation\Bootstrap\HandleExceptions->handleError(8192, 'Return type of ...', 'C:\\xampp\\htdocs...', 1443)
#1 C:\xampp\htdocs\jobsning\jobsning\vendor\composer\ClassLoader.php(478): include('C:\\xampp\\htdocs...')
#2 C:\xampp\htdocs\jobsning\jobsning\vendor\composer\ClassLoader.php(346): Composer\Autoload\includeFile('C:\\xampp\\htdocs...')
#3 C:\xampp\htdocs\jobsning\jobsning\vendor\laravel\framework\src\Illuminate\Collections\helpers.php(15): Composer\Autoload\ClassLoader->loadClass('Illuminate\\Supp...')
#4 C:\xampp\htdocs\jobsning\jobsning\vendor\laravel\framework\src\Illuminate\Foundation\PackageManifest.php(89): collect(Array)
#5 C:\xampp\htdocs\jobsning\jobsning\vendor\laravel\framework\src\Illuminate\Foundation\PackageManifest.php(78): Illuminate\Foundation\PackageManifest->config('aliases')
#6 C:\xampp\htdocs\jobsning\jobsning\vendor\laravel\framework\src\Illuminate\Foundation\Bootstrap\RegisterFacades.php(26): Illuminate\Foundation\PackageManifest->aliases()
#7 C:\xampp\htdocs\jobsning\jobsning\vendor\laravel\framework\src\Illuminate\Foundation\Application.php(237): Illuminate\Foundation\Bootstrap\RegisterFacades->bootstrap(Object(Illuminate\Foundation\Application))
#8 C:\xampp\htdocs\jobsning\jobsning\vendor\laravel\framework\src\Illuminate\Foundation\Console\Kernel.php(310): Illuminate\Foundation\Application->bootstrapWith(Array)
#9 C:\xampp\htdocs\jobsning\jobsning\vendor\laravel\framework\src\Illuminate\Foundation\Console\Kernel.php(127): Illuminate\Foundation\Console\Kernel->bootstrap()
#10 C:\xampp\htdocs\jobsning\jobsning\artisan(37): Illuminate\Foundation\Console\Kernel->handle(Object(Symfony\Component\Console\Input\ArgvInput), Object(Symfony\Component\Console\Output\ConsoleOutput))
#11 {main} {"exception":"[object] (Symfony\\Component\\ErrorHandler\\Error\\FatalError(code: 0): During inheritance of ArrayAccess: Uncaught ErrorException: Return type of Illuminate\\Support\\Collection::offsetExists($key) should either be compatible with ArrayAccess::offsetExists(mixed $offset): bool, or the #[\\ReturnTypeWillChange] attribute should be used to temporarily suppress the notice in C:\\xampp\\htdocs\\jobsning\\jobsning\\vendor\\laravel\\framework\\src\\Illuminate\\Collections\\Collection.php:1443
Stack trace:
#0 C:\\xampp\\htdocs\\jobsning\\jobsning\\vendor\\laravel\\framework\\src\\Illuminate\\Collections\\Collection.php(13): Illuminate\\Foundation\\Bootstrap\\HandleExceptions->handleError(8192, 'Return type of ...', 'C:\\\\xampp\\\\htdocs...', 1443)
#1 C:\\xampp\\htdocs\\jobsning\\jobsning\\vendor\\composer\\ClassLoader.php(478): include('C:\\\\xampp\\\\htdocs...')
#2 C:\\xampp\\htdocs\\jobsning\\jobsning\\vendor\\composer\\ClassLoader.php(346): Composer\\Autoload\\includeFile('C:\\\\xampp\\\\htdocs...')
#3 C:\\xampp\\htdocs\\jobsning\\jobsning\\vendor\\laravel\\framework\\src\\Illuminate\\Collections\\helpers.php(15): Composer\\Autoload\\ClassLoader->loadClass('Illuminate\\\\Supp...')
#4 C:\\xampp\\htdocs\\jobsning\\jobsning\\vendor\\laravel\\framework\\src\\Illuminate\\Foundation\\PackageManifest.php(89): collect(Array)
#5 C:\\xampp\\htdocs\\jobsning\\jobsning\\vendor\\laravel\\framework\\src\\Illuminate\\Foundation\\PackageManifest.php(78): Illuminate\\Foundation\\PackageManifest->config('aliases')
#6 C:\\xampp\\htdocs\\jobsning\\jobsning\\vendor\\laravel\\framework\\src\\Illuminate\\Foundation\\Bootstrap\\RegisterFacades.php(26): Illuminate\\Foundation\\PackageManifest->aliases()
#7 C:\\xampp\\htdocs\\jobsning\\jobsning\\vendor\\laravel\\framework\\src\\Illuminate\\Foundation\\Application.php(237): Illuminate\\Foundation\\Bootstrap\\RegisterFacades->bootstrap(Object(Illuminate\\Foundation\\Application))
#8 C:\\xampp\\htdocs\\jobsning\\jobsning\\vendor\\laravel\\framework\\src\\Illuminate\\Foundation\\Console\\Kernel.php(310): Illuminate\\Foundation\\Application->bootstrapWith(Array)
#9 C:\\xampp\\htdocs\\jobsning\\jobsning\\vendor\\laravel\\framework\\src\\Illuminate\\Foundation\\Console\\Kernel.php(127): Illuminate\\Foundation\\Console\\Kernel->bootstrap()
#10 C:\\xampp\\htdocs\\jobsning\\jobsning\\artisan(37): Illuminate\\Foundation\\Console\\Kernel->handle(Object(Symfony\\Component\\Console\\Input\\ArgvInput), Object(Symfony\\Component\\Console\\Output\\ConsoleOutput))
#11 {main} at C:\\xampp\\htdocs\\jobsning\\jobsning\\vendor\\laravel\\framework\\src\\Illuminate\\Collections\\Collection.php:13)
[stacktrace]
#0 {main}
"} 
[2025-06-02 11:55:18] laravel.EMERGENCY: Unable to create configured logger. Using emergency logger. {"exception":"[object] (Error(code: 0): Class \"Illuminate\\Support\\Collection\" not found at C:\\xampp\\htdocs\\jobsning\\jobsning\\vendor\\laravel\\framework\\src\\Illuminate\\Collections\\helpers.php:15)
[stacktrace]
#0 C:\\xampp\\htdocs\\jobsning\\jobsning\\vendor\\laravel\\framework\\src\\Illuminate\\Log\\LogManager.php(244): collect(Array)
#1 C:\\xampp\\htdocs\\jobsning\\jobsning\\vendor\\laravel\\framework\\src\\Illuminate\\Log\\LogManager.php(202): Illuminate\\Log\\LogManager->createStackDriver(Array)
#2 C:\\xampp\\htdocs\\jobsning\\jobsning\\vendor\\laravel\\framework\\src\\Illuminate\\Log\\LogManager.php(118): Illuminate\\Log\\LogManager->resolve('stack')
#3 C:\\xampp\\htdocs\\jobsning\\jobsning\\vendor\\laravel\\framework\\src\\Illuminate\\Log\\LogManager.php(98): Illuminate\\Log\\LogManager->get('stack')
#4 C:\\xampp\\htdocs\\jobsning\\jobsning\\vendor\\laravel\\framework\\src\\Illuminate\\Log\\LogManager.php(555): Illuminate\\Log\\LogManager->driver()
#5 C:\\xampp\\htdocs\\jobsning\\jobsning\\vendor\\laravel\\framework\\src\\Illuminate\\Foundation\\Exceptions\\Handler.php(252): Illuminate\\Log\\LogManager->error('During inherita...', Array)
#6 C:\\xampp\\htdocs\\jobsning\\jobsning\\vendor\\laravel\\framework\\src\\Illuminate\\Foundation\\Bootstrap\\HandleExceptions.php(88): Illuminate\\Foundation\\Exceptions\\Handler->report(Object(Symfony\\Component\\ErrorHandler\\Error\\FatalError))
#7 C:\\xampp\\htdocs\\jobsning\\jobsning\\vendor\\laravel\\framework\\src\\Illuminate\\Foundation\\Bootstrap\\HandleExceptions.php(130): Illuminate\\Foundation\\Bootstrap\\HandleExceptions->handleException(Object(Symfony\\Component\\ErrorHandler\\Error\\FatalError))
#8 [internal function]: Illuminate\\Foundation\\Bootstrap\\HandleExceptions->handleShutdown()
#9 {main}
"} 
[2025-06-02 11:55:18] laravel.ERROR: During inheritance of ArrayAccess: Uncaught ErrorException: Return type of Illuminate\Support\Collection::offsetExists($key) should either be compatible with ArrayAccess::offsetExists(mixed $offset): bool, or the #[\ReturnTypeWillChange] attribute should be used to temporarily suppress the notice in C:\xampp\htdocs\jobsning\jobsning\vendor\laravel\framework\src\Illuminate\Collections\Collection.php:1443
Stack trace:
#0 C:\xampp\htdocs\jobsning\jobsning\vendor\laravel\framework\src\Illuminate\Collections\Collection.php(13): Illuminate\Foundation\Bootstrap\HandleExceptions->handleError(8192, 'Return type of ...', 'C:\\xampp\\htdocs...', 1443)
#1 C:\xampp\htdocs\jobsning\jobsning\vendor\composer\ClassLoader.php(478): include('C:\\xampp\\htdocs...')
#2 C:\xampp\htdocs\jobsning\jobsning\vendor\composer\ClassLoader.php(346): Composer\Autoload\includeFile('C:\\xampp\\htdocs...')
#3 C:\xampp\htdocs\jobsning\jobsning\vendor\laravel\framework\src\Illuminate\Collections\helpers.php(15): Composer\Autoload\ClassLoader->loadClass('Illuminate\\Supp...')
#4 C:\xampp\htdocs\jobsning\jobsning\vendor\laravel\framework\src\Illuminate\Foundation\PackageManifest.php(89): collect(Array)
#5 C:\xampp\htdocs\jobsning\jobsning\vendor\laravel\framework\src\Illuminate\Foundation\PackageManifest.php(78): Illuminate\Foundation\PackageManifest->config('aliases')
#6 C:\xampp\htdocs\jobsning\jobsning\vendor\laravel\framework\src\Illuminate\Foundation\Bootstrap\RegisterFacades.php(26): Illuminate\Foundation\PackageManifest->aliases()
#7 C:\xampp\htdocs\jobsning\jobsning\vendor\laravel\framework\src\Illuminate\Foundation\Application.php(237): Illuminate\Foundation\Bootstrap\RegisterFacades->bootstrap(Object(Illuminate\Foundation\Application))
#8 C:\xampp\htdocs\jobsning\jobsning\vendor\laravel\framework\src\Illuminate\Foundation\Console\Kernel.php(310): Illuminate\Foundation\Application->bootstrapWith(Array)
#9 C:\xampp\htdocs\jobsning\jobsning\vendor\laravel\framework\src\Illuminate\Foundation\Console\Kernel.php(127): Illuminate\Foundation\Console\Kernel->bootstrap()
#10 C:\xampp\htdocs\jobsning\jobsning\artisan(37): Illuminate\Foundation\Console\Kernel->handle(Object(Symfony\Component\Console\Input\ArgvInput), Object(Symfony\Component\Console\Output\ConsoleOutput))
#11 {main} {"exception":"[object] (Symfony\\Component\\ErrorHandler\\Error\\FatalError(code: 0): During inheritance of ArrayAccess: Uncaught ErrorException: Return type of Illuminate\\Support\\Collection::offsetExists($key) should either be compatible with ArrayAccess::offsetExists(mixed $offset): bool, or the #[\\ReturnTypeWillChange] attribute should be used to temporarily suppress the notice in C:\\xampp\\htdocs\\jobsning\\jobsning\\vendor\\laravel\\framework\\src\\Illuminate\\Collections\\Collection.php:1443
Stack trace:
#0 C:\\xampp\\htdocs\\jobsning\\jobsning\\vendor\\laravel\\framework\\src\\Illuminate\\Collections\\Collection.php(13): Illuminate\\Foundation\\Bootstrap\\HandleExceptions->handleError(8192, 'Return type of ...', 'C:\\\\xampp\\\\htdocs...', 1443)
#1 C:\\xampp\\htdocs\\jobsning\\jobsning\\vendor\\composer\\ClassLoader.php(478): include('C:\\\\xampp\\\\htdocs...')
#2 C:\\xampp\\htdocs\\jobsning\\jobsning\\vendor\\composer\\ClassLoader.php(346): Composer\\Autoload\\includeFile('C:\\\\xampp\\\\htdocs...')
#3 C:\\xampp\\htdocs\\jobsning\\jobsning\\vendor\\laravel\\framework\\src\\Illuminate\\Collections\\helpers.php(15): Composer\\Autoload\\ClassLoader->loadClass('Illuminate\\\\Supp...')
#4 C:\\xampp\\htdocs\\jobsning\\jobsning\\vendor\\laravel\\framework\\src\\Illuminate\\Foundation\\PackageManifest.php(89): collect(Array)
#5 C:\\xampp\\htdocs\\jobsning\\jobsning\\vendor\\laravel\\framework\\src\\Illuminate\\Foundation\\PackageManifest.php(78): Illuminate\\Foundation\\PackageManifest->config('aliases')
#6 C:\\xampp\\htdocs\\jobsning\\jobsning\\vendor\\laravel\\framework\\src\\Illuminate\\Foundation\\Bootstrap\\RegisterFacades.php(26): Illuminate\\Foundation\\PackageManifest->aliases()
#7 C:\\xampp\\htdocs\\jobsning\\jobsning\\vendor\\laravel\\framework\\src\\Illuminate\\Foundation\\Application.php(237): Illuminate\\Foundation\\Bootstrap\\RegisterFacades->bootstrap(Object(Illuminate\\Foundation\\Application))
#8 C:\\xampp\\htdocs\\jobsning\\jobsning\\vendor\\laravel\\framework\\src\\Illuminate\\Foundation\\Console\\Kernel.php(310): Illuminate\\Foundation\\Application->bootstrapWith(Array)
#9 C:\\xampp\\htdocs\\jobsning\\jobsning\\vendor\\laravel\\framework\\src\\Illuminate\\Foundation\\Console\\Kernel.php(127): Illuminate\\Foundation\\Console\\Kernel->bootstrap()
#10 C:\\xampp\\htdocs\\jobsning\\jobsning\\artisan(37): Illuminate\\Foundation\\Console\\Kernel->handle(Object(Symfony\\Component\\Console\\Input\\ArgvInput), Object(Symfony\\Component\\Console\\Output\\ConsoleOutput))
#11 {main} at C:\\xampp\\htdocs\\jobsning\\jobsning\\vendor\\laravel\\framework\\src\\Illuminate\\Collections\\Collection.php:13)
[stacktrace]
#0 {main}
"} 
