[2025-06-20 15:57:19] local.DEBUG: Cant register InlineCssPlugin.  
[2025-06-20 15:58:46] local.DEBUG: Cant register InlineCssPlugin.  
[2025-06-20 15:58:55] local.DEBUG: Cant register InlineCssPlugin.  
[2025-06-20 15:58:56] local.DEBUG: Cant register InlineCssPlugin.  
[2025-06-20 15:58:57] local.DEBUG: Cant register InlineCssPlugin.  
[2025-06-20 15:58:57] local.DEBUG: Cant register InlineCssPlugin.  
[2025-06-20 16:00:02] local.DEBUG: Cant register InlineCssPlugin.  
[2025-06-20 16:03:42] local.DEBUG: Cant register InlineCssPlugin.  
[2025-06-20 16:03:43] local.DEBUG: Cant register InlineCssPlugin.  
[2025-06-20 16:03:43] local.DEBUG: Cant register InlineCssPlugin.  
[2025-06-20 16:03:44] local.DEBUG: Cant register InlineCssPlugin.  
[2025-06-20 16:03:52] local.DEBUG: Cant register InlineCssPlugin.  
[2025-06-20 16:04:28] local.DEBUG: Cant register InlineCssPlugin.  
[2025-06-20 16:04:29] local.DEBUG: Cant register InlineCssPlugin.  
[2025-06-20 16:04:33] local.DEBUG: Cant register InlineCssPlugin.  
[2025-06-20 16:04:34] local.DEBUG: Cant register InlineCssPlugin.  
[2025-06-20 16:04:35] local.DEBUG: Cant register InlineCssPlugin.  
[2025-06-20 16:04:36] local.DEBUG: Cant register InlineCssPlugin.  
[2025-06-20 16:04:38] local.DEBUG: Cant register InlineCssPlugin.  
[2025-06-20 16:04:39] local.DEBUG: Cant register InlineCssPlugin.  
[2025-06-20 16:04:41] local.DEBUG: Cant register InlineCssPlugin.  
[2025-06-20 16:04:42] local.DEBUG: Cant register InlineCssPlugin.  
[2025-06-20 16:05:57] local.DEBUG: Cant register InlineCssPlugin.  
[2025-06-20 16:05:58] local.DEBUG: Cant register InlineCssPlugin.  
[2025-06-20 16:05:59] local.DEBUG: Cant register InlineCssPlugin.  
[2025-06-20 16:05:59] local.DEBUG: Cant register InlineCssPlugin.  
[2025-06-20 16:06:31] local.DEBUG: Cant register InlineCssPlugin.  
[2025-06-20 16:06:33] local.DEBUG: Cant register InlineCssPlugin.  
[2025-06-20 16:07:12] local.DEBUG: Cant register InlineCssPlugin.  
[2025-06-20 16:07:13] local.DEBUG: Cant register InlineCssPlugin.  
[2025-06-20 16:07:13] local.DEBUG: Cant register InlineCssPlugin.  
[2025-06-20 16:07:14] local.DEBUG: Cant register InlineCssPlugin.  
[2025-06-20 16:07:14] local.DEBUG: Cant register InlineCssPlugin.  
[2025-06-20 16:07:15] local.DEBUG: Cant register InlineCssPlugin.  
[2025-06-20 16:07:16] local.DEBUG: Cant register InlineCssPlugin.  
[2025-06-20 16:07:16] local.DEBUG: Cant register InlineCssPlugin.  
[2025-06-20 16:07:46] local.DEBUG: Cant register InlineCssPlugin.  
[2025-06-20 16:07:47] local.DEBUG: Cant register InlineCssPlugin.  
[2025-06-20 16:07:48] local.DEBUG: Cant register InlineCssPlugin.  
[2025-06-20 16:07:53] local.DEBUG: Cant register InlineCssPlugin.  
[2025-06-20 16:08:03] local.DEBUG: Cant register InlineCssPlugin.  
[2025-06-20 16:08:07] local.DEBUG: Cant register InlineCssPlugin.  
[2025-06-20 16:08:16] local.DEBUG: Cant register InlineCssPlugin.  
[2025-06-20 16:08:17] local.DEBUG: Cant register InlineCssPlugin.  
[2025-06-20 16:08:21] local.DEBUG: Cant register InlineCssPlugin.  
[2025-06-20 16:08:24] local.DEBUG: Cant register InlineCssPlugin.  
[2025-06-20 16:08:25] local.DEBUG: Cant register InlineCssPlugin.  
[2025-06-20 16:08:25] local.DEBUG: Cant register InlineCssPlugin.  
[2025-06-20 16:08:26] local.DEBUG: Cant register InlineCssPlugin.  
[2025-06-20 16:08:26] local.DEBUG: Cant register InlineCssPlugin.  
[2025-06-20 16:08:34] local.DEBUG: Cant register InlineCssPlugin.  
[2025-06-20 16:08:41] local.DEBUG: Cant register InlineCssPlugin.  
[2025-06-20 16:08:41] local.DEBUG: Cant register InlineCssPlugin.  
[2025-06-20 16:08:47] local.DEBUG: Cant register InlineCssPlugin.  
[2025-06-20 16:08:47] local.DEBUG: Cant register InlineCssPlugin.  
[2025-06-20 16:08:48] local.DEBUG: Cant register InlineCssPlugin.  
[2025-06-20 16:09:04] local.DEBUG: Cant register InlineCssPlugin.  
[2025-06-20 16:10:26] local.DEBUG: Cant register InlineCssPlugin.  
[2025-06-20 16:10:33] local.DEBUG: Cant register InlineCssPlugin.  
[2025-06-20 16:10:46] local.DEBUG: Cant register InlineCssPlugin.  
[2025-06-20 16:10:59] local.DEBUG: Cant register InlineCssPlugin.  
[2025-06-20 16:12:28] local.DEBUG: Cant register InlineCssPlugin.  
[2025-06-20 16:14:54] local.DEBUG: Cant register InlineCssPlugin.  
[2025-06-20 16:14:55] local.DEBUG: Cant register InlineCssPlugin.  
[2025-06-20 16:14:55] local.DEBUG: Cant register InlineCssPlugin.  
[2025-06-20 16:14:59] local.DEBUG: Cant register InlineCssPlugin.  
[2025-06-20 16:17:09] local.DEBUG: Cant register InlineCssPlugin.  
[2025-06-20 16:17:22] local.DEBUG: Cant register InlineCssPlugin.  
[2025-06-20 16:17:30] local.DEBUG: Cant register InlineCssPlugin.  
[2025-06-20 16:19:18] local.DEBUG: Cant register InlineCssPlugin.  
[2025-06-20 16:19:21] local.DEBUG: Cant register InlineCssPlugin.  
[2025-06-20 16:19:28] local.DEBUG: Cant register InlineCssPlugin.  
[2025-06-20 16:22:46] local.DEBUG: Cant register InlineCssPlugin.  
[2025-06-20 16:22:47] local.DEBUG: Cant register InlineCssPlugin.  
[2025-06-20 16:22:48] local.DEBUG: Cant register InlineCssPlugin.  
[2025-06-20 16:22:51] local.DEBUG: Cant register InlineCssPlugin.  
[2025-06-20 16:22:52] local.DEBUG: Cant register InlineCssPlugin.  
[2025-06-20 16:22:56] local.DEBUG: Cant register InlineCssPlugin.  
[2025-06-20 16:22:57] local.DEBUG: Cant register InlineCssPlugin.  
[2025-06-20 16:22:57] local.DEBUG: Cant register InlineCssPlugin.  
[2025-06-20 16:23:01] local.DEBUG: Cant register InlineCssPlugin.  
[2025-06-20 16:39:23] local.DEBUG: Cant register InlineCssPlugin.  
[2025-06-20 16:39:24] local.DEBUG: Cant register InlineCssPlugin.  
[2025-06-20 16:39:26] local.DEBUG: Cant register InlineCssPlugin.  
[2025-06-20 16:39:37] local.DEBUG: Cant register InlineCssPlugin.  
[2025-06-20 16:39:42] local.DEBUG: Cant register InlineCssPlugin.  
[2025-06-20 16:39:42] local.DEBUG: Cant register InlineCssPlugin.  
[2025-06-20 16:42:03] local.DEBUG: Cant register InlineCssPlugin.  
[2025-06-20 16:42:04] local.DEBUG: Cant register InlineCssPlugin.  
[2025-06-20 16:42:04] local.DEBUG: Cant register InlineCssPlugin.  
[2025-06-20 16:42:11] local.DEBUG: Cant register InlineCssPlugin.  
[2025-06-20 16:42:11] local.DEBUG: Cant register InlineCssPlugin.  
[2025-06-20 16:43:41] local.DEBUG: Cant register InlineCssPlugin.  
[2025-06-20 16:43:42] local.DEBUG: Cant register InlineCssPlugin.  
[2025-06-20 16:43:42] local.DEBUG: Cant register InlineCssPlugin.  
[2025-06-20 16:43:48] local.DEBUG: Cant register InlineCssPlugin.  
[2025-06-20 16:43:48] local.DEBUG: Cant register InlineCssPlugin.  
[2025-06-20 16:47:33] local.DEBUG: Cant register InlineCssPlugin.  
[2025-06-20 16:47:34] local.DEBUG: Cant register InlineCssPlugin.  
[2025-06-20 16:52:12] local.DEBUG: Cant register InlineCssPlugin.  
[2025-06-20 16:52:15] local.DEBUG: Cant register InlineCssPlugin.  
[2025-06-20 16:52:16] local.DEBUG: Cant register InlineCssPlugin.  
[2025-06-20 16:52:54] local.DEBUG: Cant register InlineCssPlugin.  
[2025-06-20 16:52:54] local.DEBUG: Cant register InlineCssPlugin.  
[2025-06-20 16:52:55] local.DEBUG: Cant register InlineCssPlugin.  
[2025-06-20 16:52:56] local.DEBUG: Cant register InlineCssPlugin.  
[2025-06-20 16:53:12] local.DEBUG: Cant register InlineCssPlugin.  
[2025-06-20 16:53:13] local.DEBUG: Cant register InlineCssPlugin.  
[2025-06-20 16:54:30] local.DEBUG: Cant register InlineCssPlugin.  
[2025-06-20 16:54:36] local.DEBUG: Cant register InlineCssPlugin.  
[2025-06-20 16:54:37] local.DEBUG: Cant register InlineCssPlugin.  
[2025-06-20 16:54:54] local.DEBUG: Cant register InlineCssPlugin.  
[2025-06-20 16:55:01] local.DEBUG: Cant register InlineCssPlugin.  
[2025-06-20 16:55:02] local.DEBUG: Cant register InlineCssPlugin.  
[2025-06-20 16:55:04] local.DEBUG: Cant register InlineCssPlugin.  
[2025-06-20 16:55:04] local.DEBUG: Cant register InlineCssPlugin.  
[2025-06-20 16:55:07] local.DEBUG: Cant register InlineCssPlugin.  
[2025-06-20 16:57:25] local.DEBUG: Cant register InlineCssPlugin.  
[2025-06-20 16:57:34] local.DEBUG: Cant register InlineCssPlugin.  
[2025-06-20 16:57:35] local.DEBUG: Cant register InlineCssPlugin.  
[2025-06-20 17:01:25] local.DEBUG: Cant register InlineCssPlugin.  
[2025-06-20 17:01:25] local.DEBUG: Cant register InlineCssPlugin.  
[2025-06-20 17:01:26] local.DEBUG: Cant register InlineCssPlugin.  
[2025-06-20 17:01:30] local.DEBUG: Cant register InlineCssPlugin.  
[2025-06-20 17:01:31] local.DEBUG: Cant register InlineCssPlugin.  
[2025-06-20 17:01:34] local.DEBUG: Cant register InlineCssPlugin.  
[2025-06-20 17:01:35] local.DEBUG: Cant register InlineCssPlugin.  
[2025-06-20 17:01:36] local.DEBUG: Cant register InlineCssPlugin.  
[2025-06-20 17:01:37] local.DEBUG: Cant register InlineCssPlugin.  
[2025-06-20 17:01:40] local.DEBUG: Cant register InlineCssPlugin.  
[2025-06-20 17:01:48] local.DEBUG: Cant register InlineCssPlugin.  
[2025-06-20 17:01:49] local.DEBUG: Cant register InlineCssPlugin.  
[2025-06-20 17:01:50] local.DEBUG: Cant register InlineCssPlugin.  
[2025-06-20 17:02:00] local.DEBUG: Cant register InlineCssPlugin.  
[2025-06-20 17:02:01] local.DEBUG: Cant register InlineCssPlugin.  
[2025-06-20 17:02:02] local.DEBUG: Cant register InlineCssPlugin.  
[2025-06-20 17:02:09] local.DEBUG: Cant register InlineCssPlugin.  
[2025-06-20 17:02:10] local.DEBUG: Cant register InlineCssPlugin.  
[2025-06-20 17:02:14] local.DEBUG: Cant register InlineCssPlugin.  
[2025-06-20 17:02:15] local.DEBUG: Cant register InlineCssPlugin.  
[2025-06-20 17:02:15] local.DEBUG: Cant register InlineCssPlugin.  
[2025-06-20 17:02:19] local.DEBUG: Cant register InlineCssPlugin.  
[2025-06-20 17:02:26] local.DEBUG: Cant register InlineCssPlugin.  
[2025-06-20 17:02:37] local.DEBUG: Cant register InlineCssPlugin.  
[2025-06-20 17:02:40] local.DEBUG: Cant register InlineCssPlugin.  
[2025-06-20 17:02:40] local.DEBUG: Cant register InlineCssPlugin.  
[2025-06-20 17:02:41] local.DEBUG: Cant register InlineCssPlugin.  
[2025-06-20 17:02:41] local.DEBUG: Cant register InlineCssPlugin.  
[2025-06-20 17:02:55] local.DEBUG: Cant register InlineCssPlugin.  
[2025-06-20 17:02:55] local.DEBUG: Cant register InlineCssPlugin.  
[2025-06-20 17:02:57] local.DEBUG: Cant register InlineCssPlugin.  
[2025-06-20 17:02:58] local.DEBUG: Cant register InlineCssPlugin.  
[2025-06-20 17:02:59] local.DEBUG: Cant register InlineCssPlugin.  
[2025-06-20 17:02:59] local.DEBUG: Cant register InlineCssPlugin.  
[2025-06-20 17:03:00] local.DEBUG: Cant register InlineCssPlugin.  
[2025-06-20 17:03:01] local.DEBUG: Cant register InlineCssPlugin.  
[2025-06-20 17:03:02] local.DEBUG: Cant register InlineCssPlugin.  
[2025-06-20 17:03:09] local.DEBUG: Cant register InlineCssPlugin.  
[2025-06-20 17:03:11] local.DEBUG: Cant register InlineCssPlugin.  
[2025-06-20 17:04:55] local.DEBUG: Cant register InlineCssPlugin.  
[2025-06-20 17:14:52] local.DEBUG: Cant register InlineCssPlugin.  
[2025-06-20 17:14:59] local.DEBUG: Cant register InlineCssPlugin.  
[2025-06-20 17:22:08] local.DEBUG: Cant register InlineCssPlugin.  
[2025-06-20 17:22:11] local.DEBUG: Cant register InlineCssPlugin.  
[2025-06-20 17:22:17] local.DEBUG: Cant register InlineCssPlugin.  
[2025-06-20 17:23:01] local.DEBUG: Cant register InlineCssPlugin.  
[2025-06-20 17:25:07] local.DEBUG: Cant register InlineCssPlugin.  
[2025-06-20 17:32:06] local.DEBUG: Cant register InlineCssPlugin.  
[2025-06-20 17:32:13] local.DEBUG: Cant register InlineCssPlugin.  
[2025-06-20 17:32:21] local.DEBUG: Cant register InlineCssPlugin.  
[2025-06-20 17:32:33] local.DEBUG: Cant register InlineCssPlugin.  
[2025-06-20 17:32:40] local.DEBUG: Cant register InlineCssPlugin.  
[2025-06-20 17:32:50] local.DEBUG: Cant register InlineCssPlugin.  
[2025-06-20 17:52:28] local.DEBUG: Cant register InlineCssPlugin.  
[2025-06-20 17:52:29] local.DEBUG: Cant register InlineCssPlugin.  
[2025-06-20 18:01:35] local.DEBUG: Cant register InlineCssPlugin.  
[2025-06-20 18:01:36] local.DEBUG: Cant register InlineCssPlugin.  
[2025-06-20 18:01:37] local.DEBUG: Cant register InlineCssPlugin.  
[2025-06-20 18:01:46] local.DEBUG: Cant register InlineCssPlugin.  
[2025-06-20 18:02:34] local.DEBUG: Cant register InlineCssPlugin.  
[2025-06-20 18:02:36] local.DEBUG: Cant register InlineCssPlugin.  
[2025-06-20 18:02:36] local.DEBUG: Cant register InlineCssPlugin.  
[2025-06-20 18:02:38] local.DEBUG: Cant register InlineCssPlugin.  
[2025-06-20 18:07:16] local.DEBUG: Cant register InlineCssPlugin.  
[2025-06-20 18:07:18] local.DEBUG: Cant register InlineCssPlugin.  
[2025-06-20 18:07:18] local.DEBUG: Cant register InlineCssPlugin.  
[2025-06-20 18:07:20] local.DEBUG: Cant register InlineCssPlugin.  
[2025-06-20 18:14:13] local.DEBUG: Cant register InlineCssPlugin.  
[2025-06-20 18:14:18] local.DEBUG: Cant register InlineCssPlugin.  
[2025-06-20 18:14:23] local.DEBUG: Cant register InlineCssPlugin.  
[2025-06-20 18:14:24] local.DEBUG: Cant register InlineCssPlugin.  
[2025-06-20 18:14:36] local.DEBUG: Cant register InlineCssPlugin.  
[2025-06-20 18:14:37] local.DEBUG: Cant register InlineCssPlugin.  
[2025-06-20 18:14:39] local.DEBUG: Cant register InlineCssPlugin.  
[2025-06-20 18:14:40] local.DEBUG: Cant register InlineCssPlugin.  
[2025-06-20 18:14:41] local.DEBUG: Cant register InlineCssPlugin.  
[2025-06-20 18:14:42] local.DEBUG: Cant register InlineCssPlugin.  
[2025-06-20 18:14:46] local.DEBUG: Cant register InlineCssPlugin.  
[2025-06-20 18:14:46] local.DEBUG: Cant register InlineCssPlugin.  
[2025-06-20 18:14:51] local.DEBUG: Cant register InlineCssPlugin.  
[2025-06-20 18:14:55] local.DEBUG: Cant register InlineCssPlugin.  
[2025-06-20 18:14:58] local.DEBUG: Cant register InlineCssPlugin.  
[2025-06-20 18:15:16] local.DEBUG: Cant register InlineCssPlugin.  
[2025-06-20 18:15:17] local.DEBUG: Cant register InlineCssPlugin.  
[2025-06-20 18:15:18] local.DEBUG: Cant register InlineCssPlugin.  
[2025-06-20 18:15:19] local.DEBUG: Cant register InlineCssPlugin.  
[2025-06-20 18:15:20] local.DEBUG: Cant register InlineCssPlugin.  
[2025-06-20 18:15:21] local.DEBUG: Cant register InlineCssPlugin.  
[2025-06-20 18:15:24] local.DEBUG: Cant register InlineCssPlugin.  
[2025-06-20 18:15:24] local.DEBUG: Cant register InlineCssPlugin.  
[2025-06-20 18:15:31] local.DEBUG: Cant register InlineCssPlugin.  
[2025-06-20 18:15:31] local.DEBUG: Cant register InlineCssPlugin.  
[2025-06-20 18:15:32] local.DEBUG: Cant register InlineCssPlugin.  
[2025-06-20 18:15:39] local.DEBUG: Cant register InlineCssPlugin.  
[2025-06-20 18:15:40] local.DEBUG: Cant register InlineCssPlugin.  
[2025-06-20 18:15:40] local.DEBUG: Cant register InlineCssPlugin.  
[2025-06-20 18:15:41] local.DEBUG: Cant register InlineCssPlugin.  
[2025-06-20 18:16:49] local.DEBUG: Cant register InlineCssPlugin.  
[2025-06-20 18:16:51] local.DEBUG: Cant register InlineCssPlugin.  
[2025-06-20 18:16:59] local.DEBUG: Cant register InlineCssPlugin.  
[2025-06-20 18:17:00] local.DEBUG: Cant register InlineCssPlugin.  
[2025-06-20 18:17:10] local.DEBUG: Cant register InlineCssPlugin.  
[2025-06-20 18:17:14] local.ERROR: Trying to access array offset on value of type null {"userId":2,"exception":"[object] (ErrorException(code: 0): Trying to access array offset on value of type null at C:\\xampp\\htdocs\\jobsning\\vendor\\symfony\\mailer\\Transport\\Smtp\\Stream\\AbstractStream.php:90)
[stacktrace]
#0 C:\\xampp\\htdocs\\jobsning\\vendor\\laravel\\framework\\src\\Illuminate\\Foundation\\Bootstrap\\HandleExceptions.php(255): Illuminate\\Foundation\\Bootstrap\\HandleExceptions->handleError(2, 'Trying to acces...', 'C:\\\\xampp\\\\htdocs...', 90)
#1 C:\\xampp\\htdocs\\jobsning\\vendor\\symfony\\mailer\\Transport\\Smtp\\Stream\\AbstractStream.php(90): Illuminate\\Foundation\\Bootstrap\\HandleExceptions->Illuminate\\Foundation\\Bootstrap\\{closure}(2, 'Trying to acces...', 'C:\\\\xampp\\\\htdocs...', 90)
#2 C:\\xampp\\htdocs\\jobsning\\vendor\\symfony\\mailer\\Transport\\Smtp\\SmtpTransport.php(346): Symfony\\Component\\Mailer\\Transport\\Smtp\\Stream\\AbstractStream->readLine()
#3 C:\\xampp\\htdocs\\jobsning\\vendor\\symfony\\mailer\\Transport\\Smtp\\SmtpTransport.php(196): Symfony\\Component\\Mailer\\Transport\\Smtp\\SmtpTransport->getFullResponse()
#4 C:\\xampp\\htdocs\\jobsning\\vendor\\symfony\\mailer\\Transport\\Smtp\\EsmtpTransport.php(118): Symfony\\Component\\Mailer\\Transport\\Smtp\\SmtpTransport->executeCommand('RSET\\r\\n', Array)
#5 C:\\xampp\\htdocs\\jobsning\\vendor\\symfony\\mailer\\Transport\\Smtp\\EsmtpTransport.php(207): Symfony\\Component\\Mailer\\Transport\\Smtp\\EsmtpTransport->executeCommand('RSET\\r\\n', Array)
#6 C:\\xampp\\htdocs\\jobsning\\vendor\\symfony\\mailer\\Transport\\Smtp\\EsmtpTransport.php(161): Symfony\\Component\\Mailer\\Transport\\Smtp\\EsmtpTransport->handleAuth(Array)
#7 C:\\xampp\\htdocs\\jobsning\\vendor\\symfony\\mailer\\Transport\\Smtp\\EsmtpTransport.php(118): Symfony\\Component\\Mailer\\Transport\\Smtp\\EsmtpTransport->doEhloCommand()
#8 C:\\xampp\\htdocs\\jobsning\\vendor\\symfony\\mailer\\Transport\\Smtp\\SmtpTransport.php(254): Symfony\\Component\\Mailer\\Transport\\Smtp\\EsmtpTransport->executeCommand('HELO [127.0.0.1...', Array)
#9 C:\\xampp\\htdocs\\jobsning\\vendor\\symfony\\mailer\\Transport\\Smtp\\SmtpTransport.php(277): Symfony\\Component\\Mailer\\Transport\\Smtp\\SmtpTransport->doHeloCommand()
#10 C:\\xampp\\htdocs\\jobsning\\vendor\\symfony\\mailer\\Transport\\Smtp\\SmtpTransport.php(210): Symfony\\Component\\Mailer\\Transport\\Smtp\\SmtpTransport->start()
#11 C:\\xampp\\htdocs\\jobsning\\vendor\\symfony\\mailer\\Transport\\AbstractTransport.php(69): Symfony\\Component\\Mailer\\Transport\\Smtp\\SmtpTransport->doSend(Object(Symfony\\Component\\Mailer\\SentMessage))
#12 C:\\xampp\\htdocs\\jobsning\\vendor\\symfony\\mailer\\Transport\\Smtp\\SmtpTransport.php(137): Symfony\\Component\\Mailer\\Transport\\AbstractTransport->send(Object(Symfony\\Component\\Mime\\Email), Object(Symfony\\Component\\Mailer\\DelayedEnvelope))
#13 C:\\xampp\\htdocs\\jobsning\\vendor\\laravel\\framework\\src\\Illuminate\\Mail\\Mailer.php(573): Symfony\\Component\\Mailer\\Transport\\Smtp\\SmtpTransport->send(Object(Symfony\\Component\\Mime\\Email), Object(Symfony\\Component\\Mailer\\DelayedEnvelope))
#14 C:\\xampp\\htdocs\\jobsning\\vendor\\laravel\\framework\\src\\Illuminate\\Mail\\Mailer.php(335): Illuminate\\Mail\\Mailer->sendSymfonyMessage(Object(Symfony\\Component\\Mime\\Email))
#15 C:\\xampp\\htdocs\\jobsning\\vendor\\laravel\\framework\\src\\Illuminate\\Mail\\Mailable.php(205): Illuminate\\Mail\\Mailer->send('Job::emails.app...', Array, Object(Closure))
#16 C:\\xampp\\htdocs\\jobsning\\vendor\\laravel\\framework\\src\\Illuminate\\Support\\Traits\\Localizable.php(19): Illuminate\\Mail\\Mailable->Illuminate\\Mail\\{closure}()
#17 C:\\xampp\\htdocs\\jobsning\\vendor\\laravel\\framework\\src\\Illuminate\\Mail\\Mailable.php(198): Illuminate\\Mail\\Mailable->withLocale(NULL, Object(Closure))
#18 C:\\xampp\\htdocs\\jobsning\\vendor\\laravel\\framework\\src\\Illuminate\\Mail\\Mailer.php(357): Illuminate\\Mail\\Mailable->send(Object(Illuminate\\Mail\\Mailer))
#19 C:\\xampp\\htdocs\\jobsning\\vendor\\laravel\\framework\\src\\Illuminate\\Mail\\Mailer.php(301): Illuminate\\Mail\\Mailer->sendMailable(Object(Modules\\Job\\Emails\\ApplyJobSubmitEmail))
#20 C:\\xampp\\htdocs\\jobsning\\vendor\\laravel\\framework\\src\\Illuminate\\Mail\\PendingMail.php(124): Illuminate\\Mail\\Mailer->send(Object(Modules\\Job\\Emails\\ApplyJobSubmitEmail))
#21 C:\\xampp\\htdocs\\jobsning\\modules\\Job\\Listeners\\SendMailApplyJobSubmitListener.php(50): Illuminate\\Mail\\PendingMail->send(Object(Modules\\Job\\Emails\\ApplyJobSubmitEmail))
#22 C:\\xampp\\htdocs\\jobsning\\vendor\\laravel\\framework\\src\\Illuminate\\Events\\Dispatcher.php(478): Modules\\Job\\Listeners\\SendMailApplyJobSubmitListener->handle(Object(Modules\\Job\\Events\\CandidateApplyJobSubmit))
#23 C:\\xampp\\htdocs\\jobsning\\vendor\\laravel\\framework\\src\\Illuminate\\Events\\Dispatcher.php(286): Illuminate\\Events\\Dispatcher->Illuminate\\Events\\{closure}('Modules\\\\Job\\\\Eve...', Array)
#24 C:\\xampp\\htdocs\\jobsning\\vendor\\laravel\\framework\\src\\Illuminate\\Events\\Dispatcher.php(266): Illuminate\\Events\\Dispatcher->invokeListeners('Modules\\\\Job\\\\Eve...', Array, false)
#25 C:\\xampp\\htdocs\\jobsning\\vendor\\laravel\\framework\\src\\Illuminate\\Foundation\\helpers.php(433): Illuminate\\Events\\Dispatcher->dispatch('Modules\\\\Job\\\\Eve...')
#26 C:\\xampp\\htdocs\\jobsning\\modules\\Job\\Controllers\\JobController.php(167): event(Object(Modules\\Job\\Events\\CandidateApplyJobSubmit))
#27 C:\\xampp\\htdocs\\jobsning\\vendor\\laravel\\framework\\src\\Illuminate\\Routing\\Controller.php(54): Modules\\Job\\Controllers\\JobController->applyJob(Object(Illuminate\\Http\\Request))
#28 C:\\xampp\\htdocs\\jobsning\\vendor\\laravel\\framework\\src\\Illuminate\\Routing\\ControllerDispatcher.php(43): Illuminate\\Routing\\Controller->callAction('applyJob', Array)
#29 C:\\xampp\\htdocs\\jobsning\\vendor\\laravel\\framework\\src\\Illuminate\\Routing\\Route.php(259): Illuminate\\Routing\\ControllerDispatcher->dispatch(Object(Illuminate\\Routing\\Route), Object(Modules\\Job\\Controllers\\JobController), 'applyJob')
#30 C:\\xampp\\htdocs\\jobsning\\vendor\\laravel\\framework\\src\\Illuminate\\Routing\\Route.php(205): Illuminate\\Routing\\Route->runController()
#31 C:\\xampp\\htdocs\\jobsning\\vendor\\laravel\\framework\\src\\Illuminate\\Routing\\Router.php(806): Illuminate\\Routing\\Route->run()
#32 C:\\xampp\\htdocs\\jobsning\\vendor\\laravel\\framework\\src\\Illuminate\\Pipeline\\Pipeline.php(144): Illuminate\\Routing\\Router->Illuminate\\Routing\\{closure}(Object(Illuminate\\Http\\Request))
#33 C:\\xampp\\htdocs\\jobsning\\vendor\\barryvdh\\laravel-debugbar\\src\\Middleware\\InjectDebugbar.php(66): Illuminate\\Pipeline\\Pipeline->Illuminate\\Pipeline\\{closure}(Object(Illuminate\\Http\\Request))
#34 C:\\xampp\\htdocs\\jobsning\\vendor\\laravel\\framework\\src\\Illuminate\\Pipeline\\Pipeline.php(183): Barryvdh\\Debugbar\\Middleware\\InjectDebugbar->handle(Object(Illuminate\\Http\\Request), Object(Closure))
#35 C:\\xampp\\htdocs\\jobsning\\app\\Http\\Middleware\\SetLanguageForAdmin.php(37): Illuminate\\Pipeline\\Pipeline->Illuminate\\Pipeline\\{closure}(Object(Illuminate\\Http\\Request))
#36 C:\\xampp\\htdocs\\jobsning\\vendor\\laravel\\framework\\src\\Illuminate\\Pipeline\\Pipeline.php(183): App\\Http\\Middleware\\SetLanguageForAdmin->handle(Object(Illuminate\\Http\\Request), Object(Closure))
#37 C:\\xampp\\htdocs\\jobsning\\app\\Http\\Middleware\\SetCurrentCurrency.php(48): Illuminate\\Pipeline\\Pipeline->Illuminate\\Pipeline\\{closure}(Object(Illuminate\\Http\\Request))
#38 C:\\xampp\\htdocs\\jobsning\\vendor\\laravel\\framework\\src\\Illuminate\\Pipeline\\Pipeline.php(183): App\\Http\\Middleware\\SetCurrentCurrency->handle(Object(Illuminate\\Http\\Request), Object(Closure))
#39 C:\\xampp\\htdocs\\jobsning\\app\\Http\\Middleware\\HideDebugbar.php(25): Illuminate\\Pipeline\\Pipeline->Illuminate\\Pipeline\\{closure}(Object(Illuminate\\Http\\Request))
#40 C:\\xampp\\htdocs\\jobsning\\vendor\\laravel\\framework\\src\\Illuminate\\Pipeline\\Pipeline.php(183): App\\Http\\Middleware\\HideDebugbar->handle(Object(Illuminate\\Http\\Request), Object(Closure))
#41 C:\\xampp\\htdocs\\jobsning\\app\\Http\\Middleware\\RedirectForMultiLanguage.php(58): Illuminate\\Pipeline\\Pipeline->Illuminate\\Pipeline\\{closure}(Object(Illuminate\\Http\\Request))
#42 C:\\xampp\\htdocs\\jobsning\\vendor\\laravel\\framework\\src\\Illuminate\\Pipeline\\Pipeline.php(183): App\\Http\\Middleware\\RedirectForMultiLanguage->handle(Object(Illuminate\\Http\\Request), Object(Closure))
#43 C:\\xampp\\htdocs\\jobsning\\vendor\\laravel\\framework\\src\\Illuminate\\Routing\\Middleware\\SubstituteBindings.php(50): Illuminate\\Pipeline\\Pipeline->Illuminate\\Pipeline\\{closure}(Object(Illuminate\\Http\\Request))
#44 C:\\xampp\\htdocs\\jobsning\\vendor\\laravel\\framework\\src\\Illuminate\\Pipeline\\Pipeline.php(183): Illuminate\\Routing\\Middleware\\SubstituteBindings->handle(Object(Illuminate\\Http\\Request), Object(Closure))
#45 C:\\xampp\\htdocs\\jobsning\\vendor\\laravel\\framework\\src\\Illuminate\\Foundation\\Http\\Middleware\\VerifyCsrfToken.php(78): Illuminate\\Pipeline\\Pipeline->Illuminate\\Pipeline\\{closure}(Object(Illuminate\\Http\\Request))
#46 C:\\xampp\\htdocs\\jobsning\\vendor\\laravel\\framework\\src\\Illuminate\\Pipeline\\Pipeline.php(183): Illuminate\\Foundation\\Http\\Middleware\\VerifyCsrfToken->handle(Object(Illuminate\\Http\\Request), Object(Closure))
#47 C:\\xampp\\htdocs\\jobsning\\vendor\\laravel\\framework\\src\\Illuminate\\View\\Middleware\\ShareErrorsFromSession.php(49): Illuminate\\Pipeline\\Pipeline->Illuminate\\Pipeline\\{closure}(Object(Illuminate\\Http\\Request))
#48 C:\\xampp\\htdocs\\jobsning\\vendor\\laravel\\framework\\src\\Illuminate\\Pipeline\\Pipeline.php(183): Illuminate\\View\\Middleware\\ShareErrorsFromSession->handle(Object(Illuminate\\Http\\Request), Object(Closure))
#49 C:\\xampp\\htdocs\\jobsning\\vendor\\laravel\\framework\\src\\Illuminate\\Session\\Middleware\\StartSession.php(121): Illuminate\\Pipeline\\Pipeline->Illuminate\\Pipeline\\{closure}(Object(Illuminate\\Http\\Request))
#50 C:\\xampp\\htdocs\\jobsning\\vendor\\laravel\\framework\\src\\Illuminate\\Session\\Middleware\\StartSession.php(64): Illuminate\\Session\\Middleware\\StartSession->handleStatefulRequest(Object(Illuminate\\Http\\Request), Object(Illuminate\\Session\\Store), Object(Closure))
#51 C:\\xampp\\htdocs\\jobsning\\vendor\\laravel\\framework\\src\\Illuminate\\Pipeline\\Pipeline.php(183): Illuminate\\Session\\Middleware\\StartSession->handle(Object(Illuminate\\Http\\Request), Object(Closure))
#52 C:\\xampp\\htdocs\\jobsning\\vendor\\laravel\\framework\\src\\Illuminate\\Cookie\\Middleware\\AddQueuedCookiesToResponse.php(37): Illuminate\\Pipeline\\Pipeline->Illuminate\\Pipeline\\{closure}(Object(Illuminate\\Http\\Request))
#53 C:\\xampp\\htdocs\\jobsning\\vendor\\laravel\\framework\\src\\Illuminate\\Pipeline\\Pipeline.php(183): Illuminate\\Cookie\\Middleware\\AddQueuedCookiesToResponse->handle(Object(Illuminate\\Http\\Request), Object(Closure))
#54 C:\\xampp\\htdocs\\jobsning\\vendor\\laravel\\framework\\src\\Illuminate\\Cookie\\Middleware\\EncryptCookies.php(67): Illuminate\\Pipeline\\Pipeline->Illuminate\\Pipeline\\{closure}(Object(Illuminate\\Http\\Request))
#55 C:\\xampp\\htdocs\\jobsning\\vendor\\laravel\\framework\\src\\Illuminate\\Pipeline\\Pipeline.php(183): Illuminate\\Cookie\\Middleware\\EncryptCookies->handle(Object(Illuminate\\Http\\Request), Object(Closure))
#56 C:\\xampp\\htdocs\\jobsning\\vendor\\laravel\\framework\\src\\Illuminate\\Pipeline\\Pipeline.php(119): Illuminate\\Pipeline\\Pipeline->Illuminate\\Pipeline\\{closure}(Object(Illuminate\\Http\\Request))
#57 C:\\xampp\\htdocs\\jobsning\\vendor\\laravel\\framework\\src\\Illuminate\\Routing\\Router.php(805): Illuminate\\Pipeline\\Pipeline->then(Object(Closure))
#58 C:\\xampp\\htdocs\\jobsning\\vendor\\laravel\\framework\\src\\Illuminate\\Routing\\Router.php(784): Illuminate\\Routing\\Router->runRouteWithinStack(Object(Illuminate\\Routing\\Route), Object(Illuminate\\Http\\Request))
#59 C:\\xampp\\htdocs\\jobsning\\vendor\\laravel\\framework\\src\\Illuminate\\Routing\\Router.php(748): Illuminate\\Routing\\Router->runRoute(Object(Illuminate\\Http\\Request), Object(Illuminate\\Routing\\Route))
#60 C:\\xampp\\htdocs\\jobsning\\vendor\\laravel\\framework\\src\\Illuminate\\Routing\\Router.php(737): Illuminate\\Routing\\Router->dispatchToRoute(Object(Illuminate\\Http\\Request))
#61 C:\\xampp\\htdocs\\jobsning\\vendor\\laravel\\framework\\src\\Illuminate\\Foundation\\Http\\Kernel.php(200): Illuminate\\Routing\\Router->dispatch(Object(Illuminate\\Http\\Request))
#62 C:\\xampp\\htdocs\\jobsning\\vendor\\laravel\\framework\\src\\Illuminate\\Pipeline\\Pipeline.php(144): Illuminate\\Foundation\\Http\\Kernel->Illuminate\\Foundation\\Http\\{closure}(Object(Illuminate\\Http\\Request))
#63 C:\\xampp\\htdocs\\jobsning\\vendor\\barryvdh\\laravel-debugbar\\src\\Middleware\\InjectDebugbar.php(66): Illuminate\\Pipeline\\Pipeline->Illuminate\\Pipeline\\{closure}(Object(Illuminate\\Http\\Request))
#64 C:\\xampp\\htdocs\\jobsning\\vendor\\laravel\\framework\\src\\Illuminate\\Pipeline\\Pipeline.php(183): Barryvdh\\Debugbar\\Middleware\\InjectDebugbar->handle(Object(Illuminate\\Http\\Request), Object(Closure))
#65 C:\\xampp\\htdocs\\jobsning\\app\\Http\\Middleware\\RunUpdater.php(41): Illuminate\\Pipeline\\Pipeline->Illuminate\\Pipeline\\{closure}(Object(Illuminate\\Http\\Request))
#66 C:\\xampp\\htdocs\\jobsning\\vendor\\laravel\\framework\\src\\Illuminate\\Pipeline\\Pipeline.php(183): App\\Http\\Middleware\\RunUpdater->handle(Object(Illuminate\\Http\\Request), Object(Closure))
#67 C:\\xampp\\htdocs\\jobsning\\vendor\\laravel\\framework\\src\\Illuminate\\Http\\Middleware\\TrustProxies.php(39): Illuminate\\Pipeline\\Pipeline->Illuminate\\Pipeline\\{closure}(Object(Illuminate\\Http\\Request))
#68 C:\\xampp\\htdocs\\jobsning\\vendor\\laravel\\framework\\src\\Illuminate\\Pipeline\\Pipeline.php(183): Illuminate\\Http\\Middleware\\TrustProxies->handle(Object(Illuminate\\Http\\Request), Object(Closure))
#69 C:\\xampp\\htdocs\\jobsning\\vendor\\laravel\\framework\\src\\Illuminate\\Foundation\\Http\\Middleware\\TransformsRequest.php(21): Illuminate\\Pipeline\\Pipeline->Illuminate\\Pipeline\\{closure}(Object(Illuminate\\Http\\Request))
#70 C:\\xampp\\htdocs\\jobsning\\vendor\\laravel\\framework\\src\\Illuminate\\Foundation\\Http\\Middleware\\ConvertEmptyStringsToNull.php(31): Illuminate\\Foundation\\Http\\Middleware\\TransformsRequest->handle(Object(Illuminate\\Http\\Request), Object(Closure))
#71 C:\\xampp\\htdocs\\jobsning\\vendor\\laravel\\framework\\src\\Illuminate\\Pipeline\\Pipeline.php(183): Illuminate\\Foundation\\Http\\Middleware\\ConvertEmptyStringsToNull->handle(Object(Illuminate\\Http\\Request), Object(Closure))
#72 C:\\xampp\\htdocs\\jobsning\\vendor\\laravel\\framework\\src\\Illuminate\\Foundation\\Http\\Middleware\\TransformsRequest.php(21): Illuminate\\Pipeline\\Pipeline->Illuminate\\Pipeline\\{closure}(Object(Illuminate\\Http\\Request))
#73 C:\\xampp\\htdocs\\jobsning\\vendor\\laravel\\framework\\src\\Illuminate\\Foundation\\Http\\Middleware\\TrimStrings.php(40): Illuminate\\Foundation\\Http\\Middleware\\TransformsRequest->handle(Object(Illuminate\\Http\\Request), Object(Closure))
#74 C:\\xampp\\htdocs\\jobsning\\vendor\\laravel\\framework\\src\\Illuminate\\Pipeline\\Pipeline.php(183): Illuminate\\Foundation\\Http\\Middleware\\TrimStrings->handle(Object(Illuminate\\Http\\Request), Object(Closure))
#75 C:\\xampp\\htdocs\\jobsning\\vendor\\laravel\\framework\\src\\Illuminate\\Foundation\\Http\\Middleware\\ValidatePostSize.php(27): Illuminate\\Pipeline\\Pipeline->Illuminate\\Pipeline\\{closure}(Object(Illuminate\\Http\\Request))
#76 C:\\xampp\\htdocs\\jobsning\\vendor\\laravel\\framework\\src\\Illuminate\\Pipeline\\Pipeline.php(183): Illuminate\\Foundation\\Http\\Middleware\\ValidatePostSize->handle(Object(Illuminate\\Http\\Request), Object(Closure))
#77 C:\\xampp\\htdocs\\jobsning\\vendor\\laravel\\framework\\src\\Illuminate\\Foundation\\Http\\Middleware\\PreventRequestsDuringMaintenance.php(99): Illuminate\\Pipeline\\Pipeline->Illuminate\\Pipeline\\{closure}(Object(Illuminate\\Http\\Request))
#78 C:\\xampp\\htdocs\\jobsning\\vendor\\laravel\\framework\\src\\Illuminate\\Pipeline\\Pipeline.php(183): Illuminate\\Foundation\\Http\\Middleware\\PreventRequestsDuringMaintenance->handle(Object(Illuminate\\Http\\Request), Object(Closure))
#79 C:\\xampp\\htdocs\\jobsning\\app\\Http\\Middleware\\RedirectToInstaller.php(32): Illuminate\\Pipeline\\Pipeline->Illuminate\\Pipeline\\{closure}(Object(Illuminate\\Http\\Request))
#80 C:\\xampp\\htdocs\\jobsning\\vendor\\laravel\\framework\\src\\Illuminate\\Pipeline\\Pipeline.php(183): App\\Http\\Middleware\\RedirectToInstaller->handle(Object(Illuminate\\Http\\Request), Object(Closure))
#81 C:\\xampp\\htdocs\\jobsning\\vendor\\laravel\\framework\\src\\Illuminate\\Pipeline\\Pipeline.php(119): Illuminate\\Pipeline\\Pipeline->Illuminate\\Pipeline\\{closure}(Object(Illuminate\\Http\\Request))
#82 C:\\xampp\\htdocs\\jobsning\\vendor\\laravel\\framework\\src\\Illuminate\\Foundation\\Http\\Kernel.php(175): Illuminate\\Pipeline\\Pipeline->then(Object(Closure))
#83 C:\\xampp\\htdocs\\jobsning\\vendor\\laravel\\framework\\src\\Illuminate\\Foundation\\Http\\Kernel.php(144): Illuminate\\Foundation\\Http\\Kernel->sendRequestThroughRouter(Object(Illuminate\\Http\\Request))
#84 C:\\xampp\\htdocs\\jobsning\\public\\index.php(65): Illuminate\\Foundation\\Http\\Kernel->handle(Object(Illuminate\\Http\\Request))
#85 C:\\xampp\\htdocs\\jobsning\\server.php(21): require_once('C:\\\\xampp\\\\htdocs...')
#86 {main}
"} 
[2025-06-20 18:17:14] local.DEBUG: Cant register InlineCssPlugin.  
[2025-06-20 18:17:29] local.DEBUG: Cant register InlineCssPlugin.  
[2025-06-20 18:17:35] local.DEBUG: Cant register InlineCssPlugin.  
[2025-06-20 18:17:35] local.DEBUG: Cant register InlineCssPlugin.  
[2025-06-20 18:17:44] local.DEBUG: Cant register InlineCssPlugin.  
[2025-06-20 18:17:51] local.DEBUG: Cant register InlineCssPlugin.  
[2025-06-20 18:18:18] local.DEBUG: Cant register InlineCssPlugin.  
[2025-06-20 18:18:21] local.DEBUG: Cant register InlineCssPlugin.  
[2025-06-20 18:21:03] local.DEBUG: Cant register InlineCssPlugin.  
[2025-06-20 18:21:04] local.DEBUG: Cant register InlineCssPlugin.  
[2025-06-20 18:21:04] local.DEBUG: Cant register InlineCssPlugin.  
[2025-06-20 18:21:29] local.DEBUG: Cant register InlineCssPlugin.  
[2025-06-20 18:21:33] local.DEBUG: Cant register InlineCssPlugin.  
[2025-06-20 18:21:36] local.ERROR: Failed to authenticate on SMTP server with username "a005a2a8c1f4c6" using the following authenticators: "CRAM-MD5", "LOGIN", "PLAIN". Authenticator "CRAM-MD5" returned "Expected response code "235" but got code "535", with message "535 5.7.0 The email limit is reached. Please upgrade your plan https://mailtrap.io/billing/plans/testing".". Authenticator "LOGIN" returned "Expected response code "334" but got empty code.". Authenticator "PLAIN" returned "Expected response code "235" but got empty code.". {"userId":1,"exception":"[object] (Symfony\\Component\\Mailer\\Exception\\TransportException(code: 535): Failed to authenticate on SMTP server with username \"a005a2a8c1f4c6\" using the following authenticators: \"CRAM-MD5\", \"LOGIN\", \"PLAIN\". Authenticator \"CRAM-MD5\" returned \"Expected response code \"235\" but got code \"535\", with message \"535 5.7.0 The email limit is reached. Please upgrade your plan https://mailtrap.io/billing/plans/testing\".\". Authenticator \"LOGIN\" returned \"Expected response code \"334\" but got empty code.\". Authenticator \"PLAIN\" returned \"Expected response code \"235\" but got empty code.\". at C:\\xampp\\htdocs\\jobsning\\vendor\\symfony\\mailer\\Transport\\Smtp\\EsmtpTransport.php:226)
[stacktrace]
#0 C:\\xampp\\htdocs\\jobsning\\vendor\\symfony\\mailer\\Transport\\Smtp\\EsmtpTransport.php(161): Symfony\\Component\\Mailer\\Transport\\Smtp\\EsmtpTransport->handleAuth(Array)
#1 C:\\xampp\\htdocs\\jobsning\\vendor\\symfony\\mailer\\Transport\\Smtp\\EsmtpTransport.php(118): Symfony\\Component\\Mailer\\Transport\\Smtp\\EsmtpTransport->doEhloCommand()
#2 C:\\xampp\\htdocs\\jobsning\\vendor\\symfony\\mailer\\Transport\\Smtp\\SmtpTransport.php(254): Symfony\\Component\\Mailer\\Transport\\Smtp\\EsmtpTransport->executeCommand('HELO [127.0.0.1...', Array)
#3 C:\\xampp\\htdocs\\jobsning\\vendor\\symfony\\mailer\\Transport\\Smtp\\SmtpTransport.php(277): Symfony\\Component\\Mailer\\Transport\\Smtp\\SmtpTransport->doHeloCommand()
#4 C:\\xampp\\htdocs\\jobsning\\vendor\\symfony\\mailer\\Transport\\Smtp\\SmtpTransport.php(210): Symfony\\Component\\Mailer\\Transport\\Smtp\\SmtpTransport->start()
#5 C:\\xampp\\htdocs\\jobsning\\vendor\\symfony\\mailer\\Transport\\AbstractTransport.php(69): Symfony\\Component\\Mailer\\Transport\\Smtp\\SmtpTransport->doSend(Object(Symfony\\Component\\Mailer\\SentMessage))
#6 C:\\xampp\\htdocs\\jobsning\\vendor\\symfony\\mailer\\Transport\\Smtp\\SmtpTransport.php(137): Symfony\\Component\\Mailer\\Transport\\AbstractTransport->send(Object(Symfony\\Component\\Mime\\Email), Object(Symfony\\Component\\Mailer\\DelayedEnvelope))
#7 C:\\xampp\\htdocs\\jobsning\\vendor\\laravel\\framework\\src\\Illuminate\\Mail\\Mailer.php(573): Symfony\\Component\\Mailer\\Transport\\Smtp\\SmtpTransport->send(Object(Symfony\\Component\\Mime\\Email), Object(Symfony\\Component\\Mailer\\DelayedEnvelope))
#8 C:\\xampp\\htdocs\\jobsning\\vendor\\laravel\\framework\\src\\Illuminate\\Mail\\Mailer.php(335): Illuminate\\Mail\\Mailer->sendSymfonyMessage(Object(Symfony\\Component\\Mime\\Email))
#9 C:\\xampp\\htdocs\\jobsning\\vendor\\laravel\\framework\\src\\Illuminate\\Mail\\Mailable.php(205): Illuminate\\Mail\\Mailer->send('Job::emails.cha...', Array, Object(Closure))
#10 C:\\xampp\\htdocs\\jobsning\\vendor\\laravel\\framework\\src\\Illuminate\\Support\\Traits\\Localizable.php(19): Illuminate\\Mail\\Mailable->Illuminate\\Mail\\{closure}()
#11 C:\\xampp\\htdocs\\jobsning\\vendor\\laravel\\framework\\src\\Illuminate\\Mail\\Mailable.php(198): Illuminate\\Mail\\Mailable->withLocale(NULL, Object(Closure))
#12 C:\\xampp\\htdocs\\jobsning\\vendor\\laravel\\framework\\src\\Illuminate\\Mail\\Mailer.php(357): Illuminate\\Mail\\Mailable->send(Object(Illuminate\\Mail\\Mailer))
#13 C:\\xampp\\htdocs\\jobsning\\vendor\\laravel\\framework\\src\\Illuminate\\Mail\\Mailer.php(301): Illuminate\\Mail\\Mailer->sendMailable(Object(Modules\\Job\\Emails\\ChangeApplicantsStatusEmail))
#14 C:\\xampp\\htdocs\\jobsning\\vendor\\laravel\\framework\\src\\Illuminate\\Mail\\PendingMail.php(124): Illuminate\\Mail\\Mailer->send(Object(Modules\\Job\\Emails\\ChangeApplicantsStatusEmail))
#15 C:\\xampp\\htdocs\\jobsning\\modules\\Job\\Listeners\\SendMailChangeApplicantsStatusListen.php(44): Illuminate\\Mail\\PendingMail->send(Object(Modules\\Job\\Emails\\ChangeApplicantsStatusEmail))
#16 C:\\xampp\\htdocs\\jobsning\\vendor\\laravel\\framework\\src\\Illuminate\\Events\\Dispatcher.php(478): Modules\\Job\\Listeners\\SendMailChangeApplicantsStatusListen->handle(Object(Modules\\Job\\Events\\EmployerChangeApplicantsStatus))
#17 C:\\xampp\\htdocs\\jobsning\\vendor\\laravel\\framework\\src\\Illuminate\\Events\\Dispatcher.php(286): Illuminate\\Events\\Dispatcher->Illuminate\\Events\\{closure}('Modules\\\\Job\\\\Eve...', Array)
#18 C:\\xampp\\htdocs\\jobsning\\vendor\\laravel\\framework\\src\\Illuminate\\Events\\Dispatcher.php(266): Illuminate\\Events\\Dispatcher->invokeListeners('Modules\\\\Job\\\\Eve...', Array, false)
#19 C:\\xampp\\htdocs\\jobsning\\vendor\\laravel\\framework\\src\\Illuminate\\Foundation\\helpers.php(433): Illuminate\\Events\\Dispatcher->dispatch('Modules\\\\Job\\\\Eve...')
#20 C:\\xampp\\htdocs\\jobsning\\modules\\Job\\Admin\\JobController.php(433): event(Object(Modules\\Job\\Events\\EmployerChangeApplicantsStatus))
#21 C:\\xampp\\htdocs\\jobsning\\vendor\\laravel\\framework\\src\\Illuminate\\Routing\\Controller.php(54): Modules\\Job\\Admin\\JobController->applicantsChangeStatus('approved', '15')
#22 C:\\xampp\\htdocs\\jobsning\\vendor\\laravel\\framework\\src\\Illuminate\\Routing\\ControllerDispatcher.php(43): Illuminate\\Routing\\Controller->callAction('applicantsChang...', Array)
#23 C:\\xampp\\htdocs\\jobsning\\vendor\\laravel\\framework\\src\\Illuminate\\Routing\\Route.php(259): Illuminate\\Routing\\ControllerDispatcher->dispatch(Object(Illuminate\\Routing\\Route), Object(Modules\\Job\\Admin\\JobController), 'applicantsChang...')
#24 C:\\xampp\\htdocs\\jobsning\\vendor\\laravel\\framework\\src\\Illuminate\\Routing\\Route.php(205): Illuminate\\Routing\\Route->runController()
#25 C:\\xampp\\htdocs\\jobsning\\vendor\\laravel\\framework\\src\\Illuminate\\Routing\\Router.php(806): Illuminate\\Routing\\Route->run()
#26 C:\\xampp\\htdocs\\jobsning\\vendor\\laravel\\framework\\src\\Illuminate\\Pipeline\\Pipeline.php(144): Illuminate\\Routing\\Router->Illuminate\\Routing\\{closure}(Object(Illuminate\\Http\\Request))
#27 C:\\xampp\\htdocs\\jobsning\\app\\Http\\Middleware\\EnsureEmailIsVerified.php(33): Illuminate\\Pipeline\\Pipeline->Illuminate\\Pipeline\\{closure}(Object(Illuminate\\Http\\Request))
#28 C:\\xampp\\htdocs\\jobsning\\vendor\\laravel\\framework\\src\\Illuminate\\Pipeline\\Pipeline.php(183): App\\Http\\Middleware\\EnsureEmailIsVerified->handle(Object(Illuminate\\Http\\Request), Object(Closure))
#29 C:\\xampp\\htdocs\\jobsning\\app\\Http\\Middleware\\Dashboard.php(22): Illuminate\\Pipeline\\Pipeline->Illuminate\\Pipeline\\{closure}(Object(Illuminate\\Http\\Request))
#30 C:\\xampp\\htdocs\\jobsning\\vendor\\laravel\\framework\\src\\Illuminate\\Pipeline\\Pipeline.php(183): App\\Http\\Middleware\\Dashboard->handle(Object(Illuminate\\Http\\Request), Object(Closure))
#31 C:\\xampp\\htdocs\\jobsning\\vendor\\barryvdh\\laravel-debugbar\\src\\Middleware\\InjectDebugbar.php(66): Illuminate\\Pipeline\\Pipeline->Illuminate\\Pipeline\\{closure}(Object(Illuminate\\Http\\Request))
#32 C:\\xampp\\htdocs\\jobsning\\vendor\\laravel\\framework\\src\\Illuminate\\Pipeline\\Pipeline.php(183): Barryvdh\\Debugbar\\Middleware\\InjectDebugbar->handle(Object(Illuminate\\Http\\Request), Object(Closure))
#33 C:\\xampp\\htdocs\\jobsning\\app\\Http\\Middleware\\SetLanguageForAdmin.php(37): Illuminate\\Pipeline\\Pipeline->Illuminate\\Pipeline\\{closure}(Object(Illuminate\\Http\\Request))
#34 C:\\xampp\\htdocs\\jobsning\\vendor\\laravel\\framework\\src\\Illuminate\\Pipeline\\Pipeline.php(183): App\\Http\\Middleware\\SetLanguageForAdmin->handle(Object(Illuminate\\Http\\Request), Object(Closure))
#35 C:\\xampp\\htdocs\\jobsning\\app\\Http\\Middleware\\SetCurrentCurrency.php(48): Illuminate\\Pipeline\\Pipeline->Illuminate\\Pipeline\\{closure}(Object(Illuminate\\Http\\Request))
#36 C:\\xampp\\htdocs\\jobsning\\vendor\\laravel\\framework\\src\\Illuminate\\Pipeline\\Pipeline.php(183): App\\Http\\Middleware\\SetCurrentCurrency->handle(Object(Illuminate\\Http\\Request), Object(Closure))
#37 C:\\xampp\\htdocs\\jobsning\\app\\Http\\Middleware\\HideDebugbar.php(25): Illuminate\\Pipeline\\Pipeline->Illuminate\\Pipeline\\{closure}(Object(Illuminate\\Http\\Request))
#38 C:\\xampp\\htdocs\\jobsning\\vendor\\laravel\\framework\\src\\Illuminate\\Pipeline\\Pipeline.php(183): App\\Http\\Middleware\\HideDebugbar->handle(Object(Illuminate\\Http\\Request), Object(Closure))
#39 C:\\xampp\\htdocs\\jobsning\\app\\Http\\Middleware\\RedirectForMultiLanguage.php(58): Illuminate\\Pipeline\\Pipeline->Illuminate\\Pipeline\\{closure}(Object(Illuminate\\Http\\Request))
#40 C:\\xampp\\htdocs\\jobsning\\vendor\\laravel\\framework\\src\\Illuminate\\Pipeline\\Pipeline.php(183): App\\Http\\Middleware\\RedirectForMultiLanguage->handle(Object(Illuminate\\Http\\Request), Object(Closure))
#41 C:\\xampp\\htdocs\\jobsning\\vendor\\laravel\\framework\\src\\Illuminate\\Routing\\Middleware\\SubstituteBindings.php(50): Illuminate\\Pipeline\\Pipeline->Illuminate\\Pipeline\\{closure}(Object(Illuminate\\Http\\Request))
#42 C:\\xampp\\htdocs\\jobsning\\vendor\\laravel\\framework\\src\\Illuminate\\Pipeline\\Pipeline.php(183): Illuminate\\Routing\\Middleware\\SubstituteBindings->handle(Object(Illuminate\\Http\\Request), Object(Closure))
#43 C:\\xampp\\htdocs\\jobsning\\app\\Http\\Middleware\\Authenticate.php(44): Illuminate\\Pipeline\\Pipeline->Illuminate\\Pipeline\\{closure}(Object(Illuminate\\Http\\Request))
#44 C:\\xampp\\htdocs\\jobsning\\vendor\\laravel\\framework\\src\\Illuminate\\Pipeline\\Pipeline.php(183): App\\Http\\Middleware\\Authenticate->handle(Object(Illuminate\\Http\\Request), Object(Closure))
#45 C:\\xampp\\htdocs\\jobsning\\vendor\\laravel\\framework\\src\\Illuminate\\Foundation\\Http\\Middleware\\VerifyCsrfToken.php(78): Illuminate\\Pipeline\\Pipeline->Illuminate\\Pipeline\\{closure}(Object(Illuminate\\Http\\Request))
#46 C:\\xampp\\htdocs\\jobsning\\vendor\\laravel\\framework\\src\\Illuminate\\Pipeline\\Pipeline.php(183): Illuminate\\Foundation\\Http\\Middleware\\VerifyCsrfToken->handle(Object(Illuminate\\Http\\Request), Object(Closure))
#47 C:\\xampp\\htdocs\\jobsning\\vendor\\laravel\\framework\\src\\Illuminate\\View\\Middleware\\ShareErrorsFromSession.php(49): Illuminate\\Pipeline\\Pipeline->Illuminate\\Pipeline\\{closure}(Object(Illuminate\\Http\\Request))
#48 C:\\xampp\\htdocs\\jobsning\\vendor\\laravel\\framework\\src\\Illuminate\\Pipeline\\Pipeline.php(183): Illuminate\\View\\Middleware\\ShareErrorsFromSession->handle(Object(Illuminate\\Http\\Request), Object(Closure))
#49 C:\\xampp\\htdocs\\jobsning\\vendor\\laravel\\framework\\src\\Illuminate\\Session\\Middleware\\StartSession.php(121): Illuminate\\Pipeline\\Pipeline->Illuminate\\Pipeline\\{closure}(Object(Illuminate\\Http\\Request))
#50 C:\\xampp\\htdocs\\jobsning\\vendor\\laravel\\framework\\src\\Illuminate\\Session\\Middleware\\StartSession.php(64): Illuminate\\Session\\Middleware\\StartSession->handleStatefulRequest(Object(Illuminate\\Http\\Request), Object(Illuminate\\Session\\Store), Object(Closure))
#51 C:\\xampp\\htdocs\\jobsning\\vendor\\laravel\\framework\\src\\Illuminate\\Pipeline\\Pipeline.php(183): Illuminate\\Session\\Middleware\\StartSession->handle(Object(Illuminate\\Http\\Request), Object(Closure))
#52 C:\\xampp\\htdocs\\jobsning\\vendor\\laravel\\framework\\src\\Illuminate\\Cookie\\Middleware\\AddQueuedCookiesToResponse.php(37): Illuminate\\Pipeline\\Pipeline->Illuminate\\Pipeline\\{closure}(Object(Illuminate\\Http\\Request))
#53 C:\\xampp\\htdocs\\jobsning\\vendor\\laravel\\framework\\src\\Illuminate\\Pipeline\\Pipeline.php(183): Illuminate\\Cookie\\Middleware\\AddQueuedCookiesToResponse->handle(Object(Illuminate\\Http\\Request), Object(Closure))
#54 C:\\xampp\\htdocs\\jobsning\\vendor\\laravel\\framework\\src\\Illuminate\\Cookie\\Middleware\\EncryptCookies.php(67): Illuminate\\Pipeline\\Pipeline->Illuminate\\Pipeline\\{closure}(Object(Illuminate\\Http\\Request))
#55 C:\\xampp\\htdocs\\jobsning\\vendor\\laravel\\framework\\src\\Illuminate\\Pipeline\\Pipeline.php(183): Illuminate\\Cookie\\Middleware\\EncryptCookies->handle(Object(Illuminate\\Http\\Request), Object(Closure))
#56 C:\\xampp\\htdocs\\jobsning\\vendor\\laravel\\framework\\src\\Illuminate\\Pipeline\\Pipeline.php(119): Illuminate\\Pipeline\\Pipeline->Illuminate\\Pipeline\\{closure}(Object(Illuminate\\Http\\Request))
#57 C:\\xampp\\htdocs\\jobsning\\vendor\\laravel\\framework\\src\\Illuminate\\Routing\\Router.php(805): Illuminate\\Pipeline\\Pipeline->then(Object(Closure))
#58 C:\\xampp\\htdocs\\jobsning\\vendor\\laravel\\framework\\src\\Illuminate\\Routing\\Router.php(784): Illuminate\\Routing\\Router->runRouteWithinStack(Object(Illuminate\\Routing\\Route), Object(Illuminate\\Http\\Request))
#59 C:\\xampp\\htdocs\\jobsning\\vendor\\laravel\\framework\\src\\Illuminate\\Routing\\Router.php(748): Illuminate\\Routing\\Router->runRoute(Object(Illuminate\\Http\\Request), Object(Illuminate\\Routing\\Route))
#60 C:\\xampp\\htdocs\\jobsning\\vendor\\laravel\\framework\\src\\Illuminate\\Routing\\Router.php(737): Illuminate\\Routing\\Router->dispatchToRoute(Object(Illuminate\\Http\\Request))
#61 C:\\xampp\\htdocs\\jobsning\\vendor\\laravel\\framework\\src\\Illuminate\\Foundation\\Http\\Kernel.php(200): Illuminate\\Routing\\Router->dispatch(Object(Illuminate\\Http\\Request))
#62 C:\\xampp\\htdocs\\jobsning\\vendor\\laravel\\framework\\src\\Illuminate\\Pipeline\\Pipeline.php(144): Illuminate\\Foundation\\Http\\Kernel->Illuminate\\Foundation\\Http\\{closure}(Object(Illuminate\\Http\\Request))
#63 C:\\xampp\\htdocs\\jobsning\\vendor\\barryvdh\\laravel-debugbar\\src\\Middleware\\InjectDebugbar.php(66): Illuminate\\Pipeline\\Pipeline->Illuminate\\Pipeline\\{closure}(Object(Illuminate\\Http\\Request))
#64 C:\\xampp\\htdocs\\jobsning\\vendor\\laravel\\framework\\src\\Illuminate\\Pipeline\\Pipeline.php(183): Barryvdh\\Debugbar\\Middleware\\InjectDebugbar->handle(Object(Illuminate\\Http\\Request), Object(Closure))
#65 C:\\xampp\\htdocs\\jobsning\\app\\Http\\Middleware\\RunUpdater.php(41): Illuminate\\Pipeline\\Pipeline->Illuminate\\Pipeline\\{closure}(Object(Illuminate\\Http\\Request))
#66 C:\\xampp\\htdocs\\jobsning\\vendor\\laravel\\framework\\src\\Illuminate\\Pipeline\\Pipeline.php(183): App\\Http\\Middleware\\RunUpdater->handle(Object(Illuminate\\Http\\Request), Object(Closure))
#67 C:\\xampp\\htdocs\\jobsning\\vendor\\laravel\\framework\\src\\Illuminate\\Http\\Middleware\\TrustProxies.php(39): Illuminate\\Pipeline\\Pipeline->Illuminate\\Pipeline\\{closure}(Object(Illuminate\\Http\\Request))
#68 C:\\xampp\\htdocs\\jobsning\\vendor\\laravel\\framework\\src\\Illuminate\\Pipeline\\Pipeline.php(183): Illuminate\\Http\\Middleware\\TrustProxies->handle(Object(Illuminate\\Http\\Request), Object(Closure))
#69 C:\\xampp\\htdocs\\jobsning\\vendor\\laravel\\framework\\src\\Illuminate\\Foundation\\Http\\Middleware\\TransformsRequest.php(21): Illuminate\\Pipeline\\Pipeline->Illuminate\\Pipeline\\{closure}(Object(Illuminate\\Http\\Request))
#70 C:\\xampp\\htdocs\\jobsning\\vendor\\laravel\\framework\\src\\Illuminate\\Foundation\\Http\\Middleware\\ConvertEmptyStringsToNull.php(31): Illuminate\\Foundation\\Http\\Middleware\\TransformsRequest->handle(Object(Illuminate\\Http\\Request), Object(Closure))
#71 C:\\xampp\\htdocs\\jobsning\\vendor\\laravel\\framework\\src\\Illuminate\\Pipeline\\Pipeline.php(183): Illuminate\\Foundation\\Http\\Middleware\\ConvertEmptyStringsToNull->handle(Object(Illuminate\\Http\\Request), Object(Closure))
#72 C:\\xampp\\htdocs\\jobsning\\vendor\\laravel\\framework\\src\\Illuminate\\Foundation\\Http\\Middleware\\TransformsRequest.php(21): Illuminate\\Pipeline\\Pipeline->Illuminate\\Pipeline\\{closure}(Object(Illuminate\\Http\\Request))
#73 C:\\xampp\\htdocs\\jobsning\\vendor\\laravel\\framework\\src\\Illuminate\\Foundation\\Http\\Middleware\\TrimStrings.php(40): Illuminate\\Foundation\\Http\\Middleware\\TransformsRequest->handle(Object(Illuminate\\Http\\Request), Object(Closure))
#74 C:\\xampp\\htdocs\\jobsning\\vendor\\laravel\\framework\\src\\Illuminate\\Pipeline\\Pipeline.php(183): Illuminate\\Foundation\\Http\\Middleware\\TrimStrings->handle(Object(Illuminate\\Http\\Request), Object(Closure))
#75 C:\\xampp\\htdocs\\jobsning\\vendor\\laravel\\framework\\src\\Illuminate\\Foundation\\Http\\Middleware\\ValidatePostSize.php(27): Illuminate\\Pipeline\\Pipeline->Illuminate\\Pipeline\\{closure}(Object(Illuminate\\Http\\Request))
#76 C:\\xampp\\htdocs\\jobsning\\vendor\\laravel\\framework\\src\\Illuminate\\Pipeline\\Pipeline.php(183): Illuminate\\Foundation\\Http\\Middleware\\ValidatePostSize->handle(Object(Illuminate\\Http\\Request), Object(Closure))
#77 C:\\xampp\\htdocs\\jobsning\\vendor\\laravel\\framework\\src\\Illuminate\\Foundation\\Http\\Middleware\\PreventRequestsDuringMaintenance.php(99): Illuminate\\Pipeline\\Pipeline->Illuminate\\Pipeline\\{closure}(Object(Illuminate\\Http\\Request))
#78 C:\\xampp\\htdocs\\jobsning\\vendor\\laravel\\framework\\src\\Illuminate\\Pipeline\\Pipeline.php(183): Illuminate\\Foundation\\Http\\Middleware\\PreventRequestsDuringMaintenance->handle(Object(Illuminate\\Http\\Request), Object(Closure))
#79 C:\\xampp\\htdocs\\jobsning\\app\\Http\\Middleware\\RedirectToInstaller.php(32): Illuminate\\Pipeline\\Pipeline->Illuminate\\Pipeline\\{closure}(Object(Illuminate\\Http\\Request))
#80 C:\\xampp\\htdocs\\jobsning\\vendor\\laravel\\framework\\src\\Illuminate\\Pipeline\\Pipeline.php(183): App\\Http\\Middleware\\RedirectToInstaller->handle(Object(Illuminate\\Http\\Request), Object(Closure))
#81 C:\\xampp\\htdocs\\jobsning\\vendor\\laravel\\framework\\src\\Illuminate\\Pipeline\\Pipeline.php(119): Illuminate\\Pipeline\\Pipeline->Illuminate\\Pipeline\\{closure}(Object(Illuminate\\Http\\Request))
#82 C:\\xampp\\htdocs\\jobsning\\vendor\\laravel\\framework\\src\\Illuminate\\Foundation\\Http\\Kernel.php(175): Illuminate\\Pipeline\\Pipeline->then(Object(Closure))
#83 C:\\xampp\\htdocs\\jobsning\\vendor\\laravel\\framework\\src\\Illuminate\\Foundation\\Http\\Kernel.php(144): Illuminate\\Foundation\\Http\\Kernel->sendRequestThroughRouter(Object(Illuminate\\Http\\Request))
#84 C:\\xampp\\htdocs\\jobsning\\public\\index.php(65): Illuminate\\Foundation\\Http\\Kernel->handle(Object(Illuminate\\Http\\Request))
#85 C:\\xampp\\htdocs\\jobsning\\server.php(21): require_once('C:\\\\xampp\\\\htdocs...')
#86 {main}
"} 
[2025-06-20 18:24:28] local.DEBUG: Cant register InlineCssPlugin.  
[2025-06-20 18:24:36] local.DEBUG: Cant register InlineCssPlugin.  
[2025-06-20 18:24:40] local.DEBUG: Cant register InlineCssPlugin.  
[2025-06-20 18:24:41] local.DEBUG: Cant register InlineCssPlugin.  
[2025-06-20 18:24:42] local.DEBUG: Cant register InlineCssPlugin.  
[2025-06-20 18:24:46] local.DEBUG: Cant register InlineCssPlugin.  
[2025-06-20 18:24:47] local.DEBUG: Cant register InlineCssPlugin.  
[2025-06-20 18:24:47] local.DEBUG: Cant register InlineCssPlugin.  
[2025-06-20 18:24:48] local.DEBUG: Cant register InlineCssPlugin.  
[2025-06-20 18:24:52] local.DEBUG: Cant register InlineCssPlugin.  
[2025-06-20 18:28:25] local.DEBUG: Cant register InlineCssPlugin.  
[2025-06-20 18:28:27] local.DEBUG: Cant register InlineCssPlugin.  
[2025-06-20 18:28:36] local.DEBUG: Cant register InlineCssPlugin.  
[2025-06-20 18:28:37] local.DEBUG: Cant register InlineCssPlugin.  
[2025-06-20 18:28:37] local.DEBUG: Cant register InlineCssPlugin.  
[2025-06-20 18:28:38] local.DEBUG: Cant register InlineCssPlugin.  
[2025-06-20 18:28:39] local.DEBUG: Cant register InlineCssPlugin.  
[2025-06-20 18:28:40] local.DEBUG: Cant register InlineCssPlugin.  
